<?xml version="1.0" encoding="utf-8"?>
<CoverageSession xmlns:xsd="http://www.w3.org/2001/XMLSchema" xmlns:xsi="http://www.w3.org/2001/XMLSchema-instance">
  <Modules>
    <Module hash="AD-68-0F-72-A1-4C-AB-AF-08-24-76-D0-07-3B-0B-FF-F5-6B-B0-FB">
      <FullName>C:\_oss\opencover\main\bin\Debug\OpenCover.Framework.dll</FullName>
      <ModuleName>OpenCover.Framework</ModuleName>
      <Files>
        <File uid="1" fullPath="c:\_oss\opencover\main\OpenCover.Framework\Bootstrapper.cs" />
        <File uid="2" fullPath="c:\_oss\opencover\main\OpenCover.Framework\CommandLineParserBase.cs" />
        <File uid="3" fullPath="c:\_oss\opencover\main\OpenCover.Framework\CommandLineParser.cs" />
        <File uid="4" fullPath="c:\_oss\opencover\main\OpenCover.Framework\Communication\MarshalWapper.cs" />
        <File uid="5" fullPath="c:\_oss\opencover\main\OpenCover.Framework\Manager\ProfilerManager.cs" />
        <File uid="7" fullPath="c:\_oss\opencover\main\OpenCover.Framework\Communication\MessageHandler.cs" />
        <File uid="8" fullPath="c:\_oss\opencover\main\OpenCover.Framework\Model\InstrumentationPoint.cs" />
        <File uid="9" fullPath="c:\_oss\opencover\main\OpenCover.Framework\Model\InstrumentationModelBuilderFactory.cs" />
        <File uid="10" fullPath="c:\_oss\opencover\main\OpenCover.Framework\Persistance\BasePersistance.cs" />
        <File uid="14" fullPath="c:\_oss\opencover\main\OpenCover.Framework\Persistance\FilePersistance.cs" />
        <File uid="15" fullPath="c:\_oss\opencover\main\OpenCover.Framework\Filter.cs" />
        <File uid="19" fullPath="c:\_oss\opencover\main\OpenCover.Framework\Model\InstrumentationModelBuilder.cs" />
        <File uid="20" fullPath="c:\_oss\opencover\main\OpenCover.Framework\Model\File.cs" />
        <File uid="22" fullPath="c:\_oss\opencover\main\OpenCover.Framework\Model\Module.cs" />
        <File uid="23" fullPath="c:\_oss\opencover\main\OpenCover.Framework\ProfilerRegistration.cs" />
        <File uid="24" fullPath="c:\_oss\opencover\main\OpenCover.Framework\Service\ProfilerCommunication.cs" />
        <File uid="27" fullPath="c:\_oss\opencover\main\OpenCover.Framework\Symbols\CecilSymbolManager.cs" />
      </Files>
      <Classes>
        <Class>
          <FullName>&lt;Module&gt;</FullName>
          <Methods />
        </Class>
        <Class>
          <FullName>OpenCover.Framework.Bootstrapper</FullName>
          <Methods>
            <Method visited="true" cyclomaticComplexity="1" sequenceCoverage="100" branchCoverage="100" isConstructor="true" isStatic="false" isGetter="false" isSetter="false">
              <MetadataToken>100663297</MetadataToken>
              <Name>System.Void OpenCover.Framework.Bootstrapper::.ctor()</Name>
              <FileRef uid="1" />
              <SequencePoints>
                <SequencePoint vc="1" uspid="1" ordinal="0" offset="0" sl="24" sc="9" el="24" ec="30" />
                <SequencePoint vc="1" uspid="2" ordinal="1" offset="7" sl="25" sc="9" el="25" ec="10" />
                <SequencePoint vc="1" uspid="3" ordinal="2" offset="8" sl="26" sc="13" el="26" ec="47" />
                <SequencePoint vc="1" uspid="4" ordinal="3" offset="19" sl="27" sc="9" el="27" ec="10" />
              </SequencePoints>
              <BranchPoints />
              <MethodPoint xsi:type="SequencePoint" vc="1" uspid="1" ordinal="0" offset="0" sl="24" sc="9" el="24" ec="30" />
            </Method>
            <Method visited="true" cyclomaticComplexity="1" sequenceCoverage="100" branchCoverage="100" isConstructor="false" isStatic="false" isGetter="true" isSetter="false">
              <MetadataToken>100663298</MetadataToken>
              <Name>Microsoft.Practices.Unity.IUnityContainer OpenCover.Framework.Bootstrapper::get_Container()</Name>
              <FileRef uid="1" />
              <SequencePoints>
                <SequencePoint vc="1" uspid="5" ordinal="0" offset="0" sl="31" sc="17" el="31" ec="18" />
                <SequencePoint vc="1" uspid="6" ordinal="1" offset="1" sl="31" sc="19" el="31" ec="37" />
                <SequencePoint vc="1" uspid="7" ordinal="2" offset="10" sl="31" sc="38" el="31" ec="39" />
              </SequencePoints>
              <BranchPoints />
              <MethodPoint xsi:type="SequencePoint" vc="1" uspid="5" ordinal="0" offset="0" sl="31" sc="17" el="31" ec="18" />
            </Method>
            <Method visited="true" cyclomaticComplexity="1" sequenceCoverage="100" branchCoverage="100" isConstructor="false" isStatic="false" isGetter="false" isSetter="false">
              <MetadataToken>100663299</MetadataToken>
              <Name>System.Void OpenCover.Framework.Bootstrapper::Initialise(OpenCover.Framework.IFilter,OpenCover.Framework.ICommandLine,OpenCover.Framework.Persistance.IPersistance)</Name>
              <FileRef uid="1" />
              <SequencePoints>
                <SequencePoint vc="1" uspid="8" ordinal="0" offset="0" sl="35" sc="9" el="35" ec="10" />
                <SequencePoint vc="1" uspid="9" ordinal="1" offset="1" sl="36" sc="13" el="36" ec="49" />
                <SequencePoint vc="1" uspid="10" ordinal="2" offset="14" sl="37" sc="13" el="37" ec="54" />
                <SequencePoint vc="1" uspid="11" ordinal="3" offset="27" sl="38" sc="13" el="38" ec="54" />
                <SequencePoint vc="1" uspid="12" ordinal="4" offset="40" sl="39" sc="13" el="39" ec="86" />
                <SequencePoint vc="1" uspid="13" ordinal="5" offset="58" sl="40" sc="13" el="40" ec="112" />
                <SequencePoint vc="1" uspid="14" ordinal="6" offset="76" sl="41" sc="13" el="41" ec="74" />
                <SequencePoint vc="1" uspid="15" ordinal="7" offset="94" sl="42" sc="13" el="42" ec="72" />
                <SequencePoint vc="1" uspid="16" ordinal="8" offset="112" sl="43" sc="13" el="43" ec="72" />
                <SequencePoint vc="1" uspid="17" ordinal="9" offset="130" sl="44" sc="9" el="44" ec="10" />
              </SequencePoints>
              <BranchPoints />
              <MethodPoint xsi:type="SequencePoint" vc="1" uspid="8" ordinal="0" offset="0" sl="35" sc="9" el="35" ec="10" />
            </Method>
          </Methods>
        </Class>
        <Class>
          <FullName>OpenCover.Framework.CommandLineParserBase</FullName>
          <Methods>
            <Method visited="true" cyclomaticComplexity="1" sequenceCoverage="100" branchCoverage="100" isConstructor="true" isStatic="false" isGetter="false" isSetter="false">
              <MetadataToken>100663300</MetadataToken>
              <Name>System.Void OpenCover.Framework.CommandLineParserBase::.ctor(System.String[])</Name>
              <FileRef uid="2" />
              <SequencePoints>
                <SequencePoint vc="28" uspid="18" ordinal="0" offset="0" sl="20" sc="9" el="20" ec="60" />
                <SequencePoint vc="28" uspid="19" ordinal="1" offset="7" sl="21" sc="9" el="21" ec="10" />
                <SequencePoint vc="28" uspid="20" ordinal="2" offset="8" sl="22" sc="13" el="22" ec="36" />
                <SequencePoint vc="28" uspid="21" ordinal="3" offset="15" sl="23" sc="13" el="23" ec="64" />
                <SequencePoint vc="28" uspid="22" ordinal="4" offset="27" sl="24" sc="13" el="24" ec="30" />
                <SequencePoint vc="28" uspid="23" ordinal="5" offset="34" sl="25" sc="9" el="25" ec="10" />
              </SequencePoints>
              <BranchPoints />
              <MethodPoint xsi:type="SequencePoint" vc="28" uspid="18" ordinal="0" offset="0" sl="20" sc="9" el="20" ec="60" />
            </Method>
            <Method visited="true" cyclomaticComplexity="1" sequenceCoverage="0" branchCoverage="0" isConstructor="false" isStatic="false" isGetter="true" isSetter="false">
              <MetadataToken>100663301</MetadataToken>
              <Name>System.Collections.Generic.IDictionary`2&lt;System.String,System.String&gt; OpenCover.Framework.CommandLineParserBase::get_ParsedArguments()</Name>
              <SequencePoints />
              <BranchPoints />
              <MethodPoint vc="134" uspid="24" ordinal="0" offset="0" />
            </Method>
            <Method visited="true" cyclomaticComplexity="1" sequenceCoverage="0" branchCoverage="0" isConstructor="false" isStatic="false" isGetter="false" isSetter="true">
              <MetadataToken>100663302</MetadataToken>
              <Name>System.Void OpenCover.Framework.CommandLineParserBase::set_ParsedArguments(System.Collections.Generic.IDictionary`2&lt;System.String,System.String&gt;)</Name>
              <SequencePoints />
              <BranchPoints />
              <MethodPoint vc="28" uspid="25" ordinal="0" offset="0" />
            </Method>
            <Method visited="true" cyclomaticComplexity="6" sequenceCoverage="100" branchCoverage="100" isConstructor="false" isStatic="false" isGetter="false" isSetter="false">
              <MetadataToken>100663303</MetadataToken>
              <Name>System.Void OpenCover.Framework.CommandLineParserBase::ParseArguments()</Name>
              <FileRef uid="2" />
              <SequencePoints>
                <SequencePoint vc="28" uspid="26" ordinal="0" offset="0" sl="30" sc="9" el="30" ec="10" />
                <SequencePoint vc="28" uspid="27" ordinal="1" offset="1" sl="31" sc="13" el="31" ec="36" />
                <SequencePoint vc="1" uspid="28" ordinal="2" offset="19" sl="31" sc="37" el="31" ec="44" />
                <SequencePoint vc="27" uspid="29" ordinal="3" offset="24" sl="33" sc="13" el="33" ec="20" />
                <SequencePoint vc="27" uspid="30" ordinal="4" offset="25" sl="33" sc="38" el="33" ec="48" />
                <SequencePoint vc="44" uspid="31" ordinal="5" offset="41" sl="33" sc="22" el="33" ec="34" />
                <SequencePoint vc="44" uspid="32" ordinal="6" offset="47" sl="34" sc="13" el="34" ec="14" />
                <SequencePoint vc="44" uspid="33" ordinal="7" offset="48" sl="35" sc="17" el="35" ec="47" />
                <SequencePoint vc="44" uspid="34" ordinal="8" offset="55" sl="36" sc="17" el="36" ec="46" />
                <SequencePoint vc="3" uspid="35" ordinal="9" offset="72" sl="36" sc="47" el="36" ec="56" />
                <SequencePoint vc="41" uspid="36" ordinal="10" offset="74" sl="37" sc="17" el="37" ec="48" />
                <SequencePoint vc="41" uspid="37" ordinal="11" offset="82" sl="38" sc="17" el="38" ec="51" />
                <SequencePoint vc="1" uspid="38" ordinal="12" offset="97" sl="38" sc="52" el="38" ec="61" />
                <SequencePoint vc="40" uspid="39" ordinal="13" offset="99" sl="39" sc="17" el="39" ec="53" />
                <SequencePoint vc="40" uspid="40" ordinal="14" offset="108" sl="40" sc="17" el="40" ec="32" />
                <SequencePoint vc="28" uspid="41" ordinal="15" offset="121" sl="41" sc="17" el="41" ec="18" />
                <SequencePoint vc="28" uspid="42" ordinal="16" offset="122" sl="42" sc="21" el="42" ec="62" />
                <SequencePoint vc="28" uspid="43" ordinal="17" offset="131" sl="43" sc="21" el="43" ec="63" />
                <SequencePoint vc="28" uspid="44" ordinal="18" offset="142" sl="44" sc="21" el="44" ec="51" />
                <SequencePoint vc="28" uspid="45" ordinal="19" offset="157" sl="45" sc="17" el="45" ec="18" />
                <SequencePoint vc="12" uspid="46" ordinal="20" offset="160" sl="47" sc="17" el="47" ec="18" />
                <SequencePoint vc="12" uspid="47" ordinal="21" offset="161" sl="48" sc="21" el="48" ec="64" />
                <SequencePoint vc="12" uspid="48" ordinal="22" offset="179" sl="49" sc="17" el="49" ec="18" />
                <SequencePoint vc="40" uspid="49" ordinal="23" offset="180" sl="50" sc="13" el="50" ec="14" />
                <SequencePoint vc="71" uspid="50" ordinal="24" offset="187" sl="33" sc="35" el="33" ec="37" />
                <SequencePoint vc="28" uspid="51" ordinal="25" offset="204" sl="51" sc="9" el="51" ec="10" />
              </SequencePoints>
              <BranchPoints>
                <BranchPoint vc="1" uspid="52" ordinal="0" offset="17" path="0" />
                <BranchPoint vc="27" uspid="53" ordinal="1" offset="17" path="1" />
                <BranchPoint vc="3" uspid="54" ordinal="2" offset="70" path="0" />
                <BranchPoint vc="41" uspid="55" ordinal="3" offset="70" path="1" />
                <BranchPoint vc="1" uspid="56" ordinal="4" offset="95" path="0" />
                <BranchPoint vc="40" uspid="57" ordinal="5" offset="95" path="1" />
                <BranchPoint vc="28" uspid="58" ordinal="6" offset="119" path="0" />
                <BranchPoint vc="12" uspid="59" ordinal="7" offset="119" path="1" />
                <BranchPoint vc="27" uspid="60" ordinal="8" offset="199" path="0" />
                <BranchPoint vc="44" uspid="61" ordinal="9" offset="199" path="1" />
              </BranchPoints>
              <MethodPoint xsi:type="SequencePoint" vc="28" uspid="26" ordinal="0" offset="0" sl="30" sc="9" el="30" ec="10" />
            </Method>
            <Method visited="true" cyclomaticComplexity="1" sequenceCoverage="100" branchCoverage="100" isConstructor="false" isStatic="false" isGetter="true" isSetter="false">
              <MetadataToken>100663304</MetadataToken>
              <Name>System.Int32 OpenCover.Framework.CommandLineParserBase::get_ArgumentCount()</Name>
              <FileRef uid="2" />
              <SequencePoints>
                <SequencePoint vc="8" uspid="62" ordinal="0" offset="0" sl="56" sc="40" el="56" ec="41" />
                <SequencePoint vc="8" uspid="63" ordinal="1" offset="1" sl="56" sc="42" el="56" ec="71" />
                <SequencePoint vc="8" uspid="64" ordinal="2" offset="15" sl="56" sc="72" el="56" ec="73" />
              </SequencePoints>
              <BranchPoints />
              <MethodPoint xsi:type="SequencePoint" vc="8" uspid="62" ordinal="0" offset="0" sl="56" sc="40" el="56" ec="41" />
            </Method>
            <Method visited="true" cyclomaticComplexity="1" sequenceCoverage="100" branchCoverage="100" isConstructor="false" isStatic="false" isGetter="false" isSetter="false">
              <MetadataToken>100663305</MetadataToken>
              <Name>System.Boolean OpenCover.Framework.CommandLineParserBase::HasArgument(System.String)</Name>
              <FileRef uid="2" />
              <SequencePoints>
                <SequencePoint vc="40" uspid="65" ordinal="0" offset="0" sl="64" sc="9" el="64" ec="10" />
                <SequencePoint vc="40" uspid="66" ordinal="1" offset="1" sl="65" sc="13" el="65" ec="58" />
                <SequencePoint vc="40" uspid="67" ordinal="2" offset="16" sl="66" sc="9" el="66" ec="10" />
              </SequencePoints>
              <BranchPoints />
              <MethodPoint xsi:type="SequencePoint" vc="40" uspid="65" ordinal="0" offset="0" sl="64" sc="9" el="64" ec="10" />
            </Method>
            <Method visited="true" cyclomaticComplexity="3" sequenceCoverage="100" branchCoverage="100" isConstructor="false" isStatic="false" isGetter="false" isSetter="false">
              <MetadataToken>100663306</MetadataToken>
              <Name>System.String OpenCover.Framework.CommandLineParserBase::GetArgumentValue(System.String)</Name>
              <FileRef uid="2" />
              <SequencePoints>
                <SequencePoint vc="30" uspid="68" ordinal="0" offset="0" sl="74" sc="9" el="74" ec="10" />
                <SequencePoint vc="30" uspid="69" ordinal="1" offset="1" sl="75" sc="13" el="75" ec="85" />
                <SequencePoint vc="30" uspid="70" ordinal="2" offset="32" sl="76" sc="9" el="76" ec="10" />
              </SequencePoints>
              <BranchPoints>
                <BranchPoint vc="1" uspid="71" ordinal="0" offset="8" path="0" />
                <BranchPoint vc="29" uspid="72" ordinal="1" offset="8" path="1" />
              </BranchPoints>
              <MethodPoint xsi:type="SequencePoint" vc="30" uspid="68" ordinal="0" offset="0" sl="74" sc="9" el="74" ec="10" />
            </Method>
          </Methods>
        </Class>
        <Class>
          <FullName>OpenCover.Framework.CommandLineParser</FullName>
          <Methods>
            <Method visited="true" cyclomaticComplexity="1" sequenceCoverage="100" branchCoverage="100" isConstructor="true" isStatic="false" isGetter="false" isSetter="false">
              <MetadataToken>100663310</MetadataToken>
              <Name>System.Void OpenCover.Framework.CommandLineParser::.ctor(System.String[])</Name>
              <FileRef uid="3" />
              <SequencePoints>
                <SequencePoint vc="18" uspid="73" ordinal="0" offset="0" sl="23" sc="9" el="24" ec="30" />
                <SequencePoint vc="18" uspid="74" ordinal="1" offset="8" sl="25" sc="9" el="25" ec="10" />
                <SequencePoint vc="18" uspid="75" ordinal="2" offset="9" sl="26" sc="13" el="26" ec="40" />
                <SequencePoint vc="18" uspid="76" ordinal="3" offset="21" sl="27" sc="13" el="27" ec="42" />
                <SequencePoint vc="18" uspid="77" ordinal="4" offset="33" sl="28" sc="9" el="28" ec="10" />
              </SequencePoints>
              <BranchPoints />
              <MethodPoint xsi:type="SequencePoint" vc="18" uspid="73" ordinal="0" offset="0" sl="23" sc="9" el="24" ec="30" />
            </Method>
            <Method visited="true" cyclomaticComplexity="1" sequenceCoverage="100" branchCoverage="100" isConstructor="false" isStatic="false" isGetter="false" isSetter="false">
              <MetadataToken>100663311</MetadataToken>
              <Name>System.String OpenCover.Framework.CommandLineParser::Usage()</Name>
              <FileRef uid="3" />
              <SequencePoints>
                <SequencePoint vc="1" uspid="78" ordinal="0" offset="0" sl="35" sc="9" el="35" ec="10" />
                <SequencePoint vc="1" uspid="79" ordinal="1" offset="1" sl="36" sc="13" el="36" ec="47" />
                <SequencePoint vc="1" uspid="80" ordinal="2" offset="7" sl="37" sc="13" el="37" ec="42" />
                <SequencePoint vc="1" uspid="81" ordinal="3" offset="19" sl="38" sc="13" el="38" ec="68" />
                <SequencePoint vc="1" uspid="82" ordinal="4" offset="31" sl="39" sc="13" el="39" ec="71" />
                <SequencePoint vc="1" uspid="83" ordinal="5" offset="43" sl="40" sc="13" el="40" ec="96" />
                <SequencePoint vc="1" uspid="84" ordinal="6" offset="55" sl="41" sc="13" el="41" ec="58" />
                <SequencePoint vc="1" uspid="85" ordinal="7" offset="67" sl="42" sc="13" el="42" ec="72" />
                <SequencePoint vc="1" uspid="86" ordinal="8" offset="79" sl="43" sc="13" el="43" ec="83" />
                <SequencePoint vc="1" uspid="87" ordinal="9" offset="91" sl="44" sc="13" el="44" ec="59" />
                <SequencePoint vc="1" uspid="88" ordinal="10" offset="103" sl="45" sc="13" el="45" ec="54" />
                <SequencePoint vc="1" uspid="89" ordinal="11" offset="115" sl="46" sc="13" el="46" ec="56" />
                <SequencePoint vc="1" uspid="90" ordinal="12" offset="127" sl="47" sc="13" el="47" ec="89" />
                <SequencePoint vc="1" uspid="91" ordinal="13" offset="139" sl="48" sc="13" el="48" ec="38" />
                <SequencePoint vc="1" uspid="92" ordinal="14" offset="151" sl="49" sc="13" el="49" ec="42" />
                <SequencePoint vc="1" uspid="93" ordinal="15" offset="163" sl="50" sc="13" el="50" ec="36" />
                <SequencePoint vc="1" uspid="94" ordinal="16" offset="175" sl="51" sc="13" el="51" ec="101" />
                <SequencePoint vc="1" uspid="95" ordinal="17" offset="187" sl="52" sc="13" el="52" ec="87" />
                <SequencePoint vc="1" uspid="96" ordinal="18" offset="199" sl="53" sc="13" el="53" ec="36" />
                <SequencePoint vc="1" uspid="97" ordinal="19" offset="211" sl="54" sc="13" el="54" ec="44" />
                <SequencePoint vc="1" uspid="98" ordinal="20" offset="223" sl="55" sc="13" el="55" ec="107" />
                <SequencePoint vc="1" uspid="99" ordinal="21" offset="235" sl="56" sc="13" el="56" ec="108" />
                <SequencePoint vc="1" uspid="100" ordinal="22" offset="247" sl="57" sc="13" el="57" ec="98" />
                <SequencePoint vc="1" uspid="101" ordinal="23" offset="259" sl="58" sc="13" el="58" ec="110" />
                <SequencePoint vc="1" uspid="102" ordinal="24" offset="271" sl="59" sc="13" el="59" ec="107" />
                <SequencePoint vc="1" uspid="103" ordinal="25" offset="283" sl="60" sc="13" el="60" ec="48" />
                <SequencePoint vc="1" uspid="104" ordinal="26" offset="295" sl="61" sc="13" el="61" ec="42" />
                <SequencePoint vc="1" uspid="105" ordinal="27" offset="307" sl="62" sc="13" el="62" ec="114" />
                <SequencePoint vc="1" uspid="106" ordinal="28" offset="319" sl="64" sc="13" el="64" ec="39" />
                <SequencePoint vc="1" uspid="107" ordinal="29" offset="328" sl="65" sc="9" el="65" ec="10" />
              </SequencePoints>
              <BranchPoints />
              <MethodPoint xsi:type="SequencePoint" vc="1" uspid="78" ordinal="0" offset="0" sl="35" sc="9" el="35" ec="10" />
            </Method>
            <Method visited="true" cyclomaticComplexity="22" sequenceCoverage="100" branchCoverage="90" isConstructor="false" isStatic="false" isGetter="false" isSetter="false">
              <MetadataToken>100663312</MetadataToken>
              <Name>System.Void OpenCover.Framework.CommandLineParser::ExtractAndValidateArguments()</Name>
              <FileRef uid="3" />
              <SequencePoints>
                <SequencePoint vc="17" uspid="108" ordinal="0" offset="0" sl="71" sc="9" el="71" ec="10" />
                <SequencePoint vc="17" uspid="109" ordinal="1" offset="1" sl="72" sc="13" el="72" ec="20" />
                <SequencePoint vc="17" uspid="110" ordinal="2" offset="2" sl="72" sc="33" el="72" ec="53" />
                <SequencePoint vc="28" uspid="111" ordinal="3" offset="25" sl="72" sc="22" el="72" ec="29" />
                <SequencePoint vc="28" uspid="112" ordinal="4" offset="33" sl="73" sc="13" el="73" ec="14" />
                <SequencePoint vc="28" uspid="113" ordinal="5" offset="34" sl="74" sc="17" el="74" ec="52" />
                <SequencePoint vc="28" uspid="114" ordinal="6" offset="41" sl="75" sc="17" el="75" ec="30" />
                <SequencePoint vc="2" uspid="115" ordinal="7" offset="288" sl="78" sc="25" el="78" ec="41" />
                <SequencePoint vc="2" uspid="116" ordinal="8" offset="296" sl="79" sc="25" el="79" ec="104" />
                <SequencePoint vc="2" uspid="117" ordinal="9" offset="329" sl="80" sc="25" el="80" ec="31" />
                <SequencePoint vc="13" uspid="118" ordinal="10" offset="334" sl="82" sc="25" el="82" ec="61" />
                <SequencePoint vc="13" uspid="119" ordinal="11" offset="352" sl="83" sc="25" el="83" ec="31" />
                <SequencePoint vc="1" uspid="120" ordinal="12" offset="357" sl="85" sc="25" el="85" ec="67" />
                <SequencePoint vc="1" uspid="121" ordinal="13" offset="375" sl="86" sc="25" el="86" ec="31" />
                <SequencePoint vc="1" uspid="122" ordinal="14" offset="380" sl="88" sc="25" el="88" ec="69" />
                <SequencePoint vc="1" uspid="123" ordinal="15" offset="398" sl="89" sc="25" el="89" ec="31" />
                <SequencePoint vc="1" uspid="124" ordinal="16" offset="403" sl="91" sc="25" el="91" ec="65" />
                <SequencePoint vc="1" uspid="125" ordinal="17" offset="421" sl="92" sc="25" el="92" ec="31" />
                <SequencePoint vc="1" uspid="126" ordinal="18" offset="426" sl="94" sc="25" el="94" ec="49" />
                <SequencePoint vc="1" uspid="127" ordinal="19" offset="434" sl="95" sc="25" el="95" ec="31" />
                <SequencePoint vc="1" uspid="128" ordinal="20" offset="439" sl="97" sc="25" el="97" ec="44" />
                <SequencePoint vc="1" uspid="129" ordinal="21" offset="447" sl="98" sc="25" el="98" ec="31" />
                <SequencePoint vc="1" uspid="130" ordinal="22" offset="452" sl="100" sc="25" el="100" ec="46" />
                <SequencePoint vc="1" uspid="131" ordinal="23" offset="460" sl="101" sc="25" el="101" ec="31" />
                <SequencePoint vc="3" uspid="132" ordinal="24" offset="465" sl="103" sc="25" el="103" ec="49" />
                <SequencePoint vc="3" uspid="133" ordinal="25" offset="473" sl="104" sc="25" el="104" ec="77" />
                <SequencePoint vc="3" uspid="134" ordinal="26" offset="485" sl="105" sc="25" el="105" ec="54" />
                <SequencePoint vc="2" uspid="135" ordinal="27" offset="505" sl="106" sc="25" el="106" ec="26" />
                <SequencePoint vc="2" uspid="136" ordinal="28" offset="506" sl="108" sc="29" el="108" ec="68" />
                <SequencePoint vc="1" uspid="137" ordinal="29" offset="523" sl="109" sc="33" el="109" ec="59" />
                <SequencePoint vc="1" uspid="138" ordinal="30" offset="533" sl="111" sc="33" el="111" ec="121" />
                <SequencePoint vc="1" uspid="139" ordinal="31" offset="544" sl="112" sc="25" el="112" ec="26" />
                <SequencePoint vc="2" uspid="140" ordinal="32" offset="545" sl="113" sc="25" el="113" ec="31" />
                <SequencePoint vc="1" uspid="141" ordinal="33" offset="547" sl="115" sc="25" el="115" ec="96" />
                <SequencePoint vc="1" uspid="142" ordinal="34" offset="585" sl="116" sc="25" el="116" ec="31" />
                <SequencePoint vc="1" uspid="143" ordinal="35" offset="587" sl="118" sc="25" el="118" ec="43" />
                <SequencePoint vc="1" uspid="144" ordinal="36" offset="595" sl="119" sc="25" el="119" ec="31" />
                <SequencePoint vc="2" uspid="145" ordinal="37" offset="597" sl="121" sc="25" el="121" ec="119" />
                <SequencePoint vc="25" uspid="146" ordinal="38" offset="614" sl="123" sc="13" el="123" ec="14" />
                <SequencePoint vc="42" uspid="147" ordinal="39" offset="615" sl="72" sc="30" el="72" ec="32" />
                <SequencePoint vc="14" uspid="148" ordinal="40" offset="654" sl="125" sc="13" el="125" ec="28" />
                <SequencePoint vc="1" uspid="149" ordinal="41" offset="669" sl="125" sc="29" el="125" ec="36" />
                <SequencePoint vc="13" uspid="150" ordinal="42" offset="671" sl="127" sc="13" el="127" ec="51" />
                <SequencePoint vc="1" uspid="151" ordinal="43" offset="691" sl="128" sc="13" el="128" ec="14" />
                <SequencePoint vc="1" uspid="152" ordinal="44" offset="692" sl="129" sc="17" el="129" ec="88" />
                <SequencePoint vc="13" uspid="153" ordinal="45" offset="703" sl="131" sc="9" el="131" ec="10" />
              </SequencePoints>
              <BranchPoints>
                <BranchPoint vc="28" uspid="154" ordinal="0" offset="46" path="0" />
                <BranchPoint vc="0" uspid="155" ordinal="1" offset="46" path="1" />
                <BranchPoint vc="1" uspid="156" ordinal="2" offset="58" path="0" />
                <BranchPoint vc="27" uspid="157" ordinal="3" offset="58" path="1" />
                <BranchPoint vc="26" uspid="158" ordinal="4" offset="227" path="0" />
                <BranchPoint vc="2" uspid="159" ordinal="5" offset="227" path="1" />
                <BranchPoint vc="0" uspid="160" ordinal="6" offset="234" path="0" />
                <BranchPoint vc="2" uspid="161" ordinal="7" offset="234" path="1" />
                <BranchPoint vc="13" uspid="162" ordinal="8" offset="234" path="2" />
                <BranchPoint vc="1" uspid="163" ordinal="9" offset="234" path="3" />
                <BranchPoint vc="1" uspid="164" ordinal="10" offset="234" path="4" />
                <BranchPoint vc="1" uspid="165" ordinal="11" offset="234" path="5" />
                <BranchPoint vc="1" uspid="166" ordinal="12" offset="234" path="6" />
                <BranchPoint vc="1" uspid="167" ordinal="13" offset="234" path="7" />
                <BranchPoint vc="1" uspid="168" ordinal="14" offset="234" path="8" />
                <BranchPoint vc="3" uspid="169" ordinal="15" offset="234" path="9" />
                <BranchPoint vc="1" uspid="170" ordinal="16" offset="234" path="10" />
                <BranchPoint vc="1" uspid="171" ordinal="17" offset="234" path="11" />
                <BranchPoint vc="2" uspid="172" ordinal="18" offset="503" path="0" />
                <BranchPoint vc="1" uspid="173" ordinal="19" offset="503" path="1" />
                <BranchPoint vc="1" uspid="174" ordinal="20" offset="521" path="0" />
                <BranchPoint vc="1" uspid="175" ordinal="21" offset="521" path="1" />
                <BranchPoint vc="14" uspid="176" ordinal="22" offset="626" path="0" />
                <BranchPoint vc="28" uspid="177" ordinal="23" offset="626" path="1" />
                <BranchPoint vc="17" uspid="178" ordinal="24" offset="642" path="0" />
                <BranchPoint vc="0" uspid="179" ordinal="25" offset="642" path="1" />
                <BranchPoint vc="1" uspid="180" ordinal="26" offset="667" path="0" />
                <BranchPoint vc="13" uspid="181" ordinal="27" offset="667" path="1" />
                <BranchPoint vc="1" uspid="182" ordinal="28" offset="689" path="0" />
                <BranchPoint vc="12" uspid="183" ordinal="29" offset="689" path="1" />
              </BranchPoints>
              <MethodPoint xsi:type="SequencePoint" vc="17" uspid="108" ordinal="0" offset="0" sl="71" sc="9" el="71" ec="10" />
            </Method>
            <Method visited="true" cyclomaticComplexity="1" sequenceCoverage="0" branchCoverage="0" isConstructor="false" isStatic="false" isGetter="true" isSetter="false">
              <MetadataToken>100663313</MetadataToken>
              <Name>System.Boolean OpenCover.Framework.CommandLineParser::get_Register()</Name>
              <SequencePoints />
              <BranchPoints />
              <MethodPoint vc="3" uspid="184" ordinal="0" offset="0" />
            </Method>
            <Method visited="true" cyclomaticComplexity="1" sequenceCoverage="0" branchCoverage="0" isConstructor="false" isStatic="false" isGetter="false" isSetter="true">
              <MetadataToken>100663314</MetadataToken>
              <Name>System.Void OpenCover.Framework.CommandLineParser::set_Register(System.Boolean)</Name>
              <SequencePoints />
              <BranchPoints />
              <MethodPoint vc="2" uspid="185" ordinal="0" offset="0" />
            </Method>
            <Method visited="true" cyclomaticComplexity="1" sequenceCoverage="0" branchCoverage="0" isConstructor="false" isStatic="false" isGetter="true" isSetter="false">
              <MetadataToken>100663315</MetadataToken>
              <Name>System.Boolean OpenCover.Framework.CommandLineParser::get_UserRegistration()</Name>
              <SequencePoints />
              <BranchPoints />
              <MethodPoint vc="3" uspid="186" ordinal="0" offset="0" />
            </Method>
            <Method visited="true" cyclomaticComplexity="1" sequenceCoverage="0" branchCoverage="0" isConstructor="false" isStatic="false" isGetter="false" isSetter="true">
              <MetadataToken>100663316</MetadataToken>
              <Name>System.Void OpenCover.Framework.CommandLineParser::set_UserRegistration(System.Boolean)</Name>
              <SequencePoints />
              <BranchPoints />
              <MethodPoint vc="2" uspid="187" ordinal="0" offset="0" />
            </Method>
            <Method visited="true" cyclomaticComplexity="1" sequenceCoverage="0" branchCoverage="0" isConstructor="false" isStatic="false" isGetter="true" isSetter="false">
              <MetadataToken>100663317</MetadataToken>
              <Name>System.String OpenCover.Framework.CommandLineParser::get_Target()</Name>
              <SequencePoints />
              <BranchPoints />
              <MethodPoint vc="14" uspid="188" ordinal="0" offset="0" />
            </Method>
            <Method visited="true" cyclomaticComplexity="1" sequenceCoverage="0" branchCoverage="0" isConstructor="false" isStatic="false" isGetter="false" isSetter="true">
              <MetadataToken>100663318</MetadataToken>
              <Name>System.Void OpenCover.Framework.CommandLineParser::set_Target(System.String)</Name>
              <SequencePoints />
              <BranchPoints />
              <MethodPoint vc="13" uspid="189" ordinal="0" offset="0" />
            </Method>
            <Method visited="true" cyclomaticComplexity="1" sequenceCoverage="0" branchCoverage="0" isConstructor="false" isStatic="false" isGetter="true" isSetter="false">
              <MetadataToken>100663319</MetadataToken>
              <Name>System.String OpenCover.Framework.CommandLineParser::get_TargetDir()</Name>
              <SequencePoints />
              <BranchPoints />
              <MethodPoint vc="1" uspid="190" ordinal="0" offset="0" />
            </Method>
            <Method visited="true" cyclomaticComplexity="1" sequenceCoverage="0" branchCoverage="0" isConstructor="false" isStatic="false" isGetter="false" isSetter="true">
              <MetadataToken>100663320</MetadataToken>
              <Name>System.Void OpenCover.Framework.CommandLineParser::set_TargetDir(System.String)</Name>
              <SequencePoints />
              <BranchPoints />
              <MethodPoint vc="1" uspid="191" ordinal="0" offset="0" />
            </Method>
            <Method visited="true" cyclomaticComplexity="1" sequenceCoverage="0" branchCoverage="0" isConstructor="false" isStatic="false" isGetter="true" isSetter="false">
              <MetadataToken>100663321</MetadataToken>
              <Name>System.String OpenCover.Framework.CommandLineParser::get_TargetArgs()</Name>
              <SequencePoints />
              <BranchPoints />
              <MethodPoint vc="1" uspid="192" ordinal="0" offset="0" />
            </Method>
            <Method visited="true" cyclomaticComplexity="1" sequenceCoverage="0" branchCoverage="0" isConstructor="false" isStatic="false" isGetter="false" isSetter="true">
              <MetadataToken>100663322</MetadataToken>
              <Name>System.Void OpenCover.Framework.CommandLineParser::set_TargetArgs(System.String)</Name>
              <SequencePoints />
              <BranchPoints />
              <MethodPoint vc="1" uspid="193" ordinal="0" offset="0" />
            </Method>
            <Method visited="true" cyclomaticComplexity="1" sequenceCoverage="0" branchCoverage="0" isConstructor="false" isStatic="false" isGetter="true" isSetter="false">
              <MetadataToken>100663323</MetadataToken>
              <Name>System.Boolean OpenCover.Framework.CommandLineParser::get_PrintUsage()</Name>
              <SequencePoints />
              <BranchPoints />
              <MethodPoint vc="15" uspid="194" ordinal="0" offset="0" />
            </Method>
            <Method visited="true" cyclomaticComplexity="1" sequenceCoverage="0" branchCoverage="0" isConstructor="false" isStatic="false" isGetter="false" isSetter="true">
              <MetadataToken>100663324</MetadataToken>
              <Name>System.Void OpenCover.Framework.CommandLineParser::set_PrintUsage(System.Boolean)</Name>
              <SequencePoints />
              <BranchPoints />
              <MethodPoint vc="1" uspid="195" ordinal="0" offset="0" />
            </Method>
            <Method visited="true" cyclomaticComplexity="1" sequenceCoverage="0" branchCoverage="0" isConstructor="false" isStatic="false" isGetter="true" isSetter="false">
              <MetadataToken>100663325</MetadataToken>
              <Name>System.String OpenCover.Framework.CommandLineParser::get_OutputFile()</Name>
              <SequencePoints />
              <BranchPoints />
              <MethodPoint vc="1" uspid="196" ordinal="0" offset="0" />
            </Method>
            <Method visited="true" cyclomaticComplexity="1" sequenceCoverage="0" branchCoverage="0" isConstructor="false" isStatic="false" isGetter="false" isSetter="true">
              <MetadataToken>100663326</MetadataToken>
              <Name>System.Void OpenCover.Framework.CommandLineParser::set_OutputFile(System.String)</Name>
              <SequencePoints />
              <BranchPoints />
              <MethodPoint vc="19" uspid="197" ordinal="0" offset="0" />
            </Method>
            <Method visited="true" cyclomaticComplexity="1" sequenceCoverage="0" branchCoverage="0" isConstructor="false" isStatic="false" isGetter="true" isSetter="false">
              <MetadataToken>100663327</MetadataToken>
              <Name>System.Boolean OpenCover.Framework.CommandLineParser::get_NoDefaultFilters()</Name>
              <SequencePoints />
              <BranchPoints />
              <MethodPoint vc="2" uspid="198" ordinal="0" offset="0" />
            </Method>
            <Method visited="true" cyclomaticComplexity="1" sequenceCoverage="0" branchCoverage="0" isConstructor="false" isStatic="false" isGetter="false" isSetter="true">
              <MetadataToken>100663328</MetadataToken>
              <Name>System.Void OpenCover.Framework.CommandLineParser::set_NoDefaultFilters(System.Boolean)</Name>
              <SequencePoints />
              <BranchPoints />
              <MethodPoint vc="1" uspid="199" ordinal="0" offset="0" />
            </Method>
            <Method visited="true" cyclomaticComplexity="1" sequenceCoverage="0" branchCoverage="0" isConstructor="false" isStatic="false" isGetter="true" isSetter="false">
              <MetadataToken>100663329</MetadataToken>
              <Name>System.Boolean OpenCover.Framework.CommandLineParser::get_MergeByHash()</Name>
              <SequencePoints />
              <BranchPoints />
              <MethodPoint vc="1" uspid="200" ordinal="0" offset="0" />
            </Method>
            <Method visited="true" cyclomaticComplexity="1" sequenceCoverage="0" branchCoverage="0" isConstructor="false" isStatic="false" isGetter="false" isSetter="true">
              <MetadataToken>100663330</MetadataToken>
              <Name>System.Void OpenCover.Framework.CommandLineParser::set_MergeByHash(System.Boolean)</Name>
              <SequencePoints />
              <BranchPoints />
              <MethodPoint vc="1" uspid="201" ordinal="0" offset="0" />
            </Method>
            <Method visited="true" cyclomaticComplexity="1" sequenceCoverage="0" branchCoverage="0" isConstructor="false" isStatic="false" isGetter="true" isSetter="false">
              <MetadataToken>100663331</MetadataToken>
              <Name>System.Boolean OpenCover.Framework.CommandLineParser::get_ShowUnvisited()</Name>
              <SequencePoints />
              <BranchPoints />
              <MethodPoint vc="1" uspid="202" ordinal="0" offset="0" />
            </Method>
            <Method visited="true" cyclomaticComplexity="1" sequenceCoverage="0" branchCoverage="0" isConstructor="false" isStatic="false" isGetter="false" isSetter="true">
              <MetadataToken>100663332</MetadataToken>
              <Name>System.Void OpenCover.Framework.CommandLineParser::set_ShowUnvisited(System.Boolean)</Name>
              <SequencePoints />
              <BranchPoints />
              <MethodPoint vc="1" uspid="203" ordinal="0" offset="0" />
            </Method>
            <Method visited="true" cyclomaticComplexity="1" sequenceCoverage="0" branchCoverage="0" isConstructor="false" isStatic="false" isGetter="true" isSetter="false">
              <MetadataToken>100663333</MetadataToken>
              <Name>System.Boolean OpenCover.Framework.CommandLineParser::get_ReturnTargetCode()</Name>
              <SequencePoints />
              <BranchPoints />
              <MethodPoint vc="2" uspid="204" ordinal="0" offset="0" />
            </Method>
            <Method visited="true" cyclomaticComplexity="1" sequenceCoverage="0" branchCoverage="0" isConstructor="false" isStatic="false" isGetter="false" isSetter="true">
              <MetadataToken>100663334</MetadataToken>
              <Name>System.Void OpenCover.Framework.CommandLineParser::set_ReturnTargetCode(System.Boolean)</Name>
              <SequencePoints />
              <BranchPoints />
              <MethodPoint vc="3" uspid="205" ordinal="0" offset="0" />
            </Method>
            <Method visited="true" cyclomaticComplexity="1" sequenceCoverage="0" branchCoverage="0" isConstructor="false" isStatic="false" isGetter="true" isSetter="false">
              <MetadataToken>100663335</MetadataToken>
              <Name>System.Collections.Generic.List`1&lt;System.String&gt; OpenCover.Framework.CommandLineParser::get_Filters()</Name>
              <SequencePoints />
              <BranchPoints />
              <MethodPoint vc="1" uspid="206" ordinal="0" offset="0" />
            </Method>
            <Method visited="true" cyclomaticComplexity="1" sequenceCoverage="0" branchCoverage="0" isConstructor="false" isStatic="false" isGetter="false" isSetter="true">
              <MetadataToken>100663336</MetadataToken>
              <Name>System.Void OpenCover.Framework.CommandLineParser::set_Filters(System.Collections.Generic.List`1&lt;System.String&gt;)</Name>
              <SequencePoints />
              <BranchPoints />
              <MethodPoint vc="19" uspid="207" ordinal="0" offset="0" />
            </Method>
            <Method visited="true" cyclomaticComplexity="1" sequenceCoverage="0" branchCoverage="0" isConstructor="false" isStatic="false" isGetter="true" isSetter="false">
              <MetadataToken>100663337</MetadataToken>
              <Name>System.Int32 OpenCover.Framework.CommandLineParser::get_ReturnCodeOffset()</Name>
              <SequencePoints />
              <BranchPoints />
              <MethodPoint vc="2" uspid="208" ordinal="0" offset="0" />
            </Method>
            <Method visited="true" cyclomaticComplexity="1" sequenceCoverage="0" branchCoverage="0" isConstructor="false" isStatic="false" isGetter="false" isSetter="true">
              <MetadataToken>100663338</MetadataToken>
              <Name>System.Void OpenCover.Framework.CommandLineParser::set_ReturnCodeOffset(System.Int32)</Name>
              <SequencePoints />
              <BranchPoints />
              <MethodPoint vc="1" uspid="209" ordinal="0" offset="0" />
            </Method>
          </Methods>
        </Class>
        <Class>
          <FullName>OpenCover.Framework.Communication.MarshalWrapper</FullName>
          <Methods>
            <Method visited="false" cyclomaticComplexity="1" sequenceCoverage="0" branchCoverage="0" isConstructor="false" isStatic="false" isGetter="false" isSetter="false">
              <MetadataToken>100663341</MetadataToken>
              <Name>T OpenCover.Framework.Communication.MarshalWrapper::PtrToStructure(System.IntPtr)</Name>
              <FileRef uid="4" />
              <SequencePoints>
                <SequencePoint vc="0" uspid="210" ordinal="0" offset="0" sl="23" sc="9" el="23" ec="10" />
                <SequencePoint vc="0" uspid="211" ordinal="1" offset="1" sl="24" sc="13" el="24" ec="71" />
                <SequencePoint vc="0" uspid="212" ordinal="2" offset="25" sl="25" sc="9" el="25" ec="10" />
              </SequencePoints>
              <BranchPoints />
              <MethodPoint xsi:type="SequencePoint" vc="0" uspid="210" ordinal="0" offset="0" sl="23" sc="9" el="23" ec="10" />
            </Method>
            <Method visited="false" cyclomaticComplexity="1" sequenceCoverage="0" branchCoverage="0" isConstructor="false" isStatic="false" isGetter="false" isSetter="false">
              <MetadataToken>100663342</MetadataToken>
              <Name>System.Void OpenCover.Framework.Communication.MarshalWrapper::StructureToPtr(T,System.IntPtr,System.Boolean)</Name>
              <FileRef uid="4" />
              <SequencePoints>
                <SequencePoint vc="0" uspid="213" ordinal="0" offset="0" sl="28" sc="9" el="28" ec="10" />
                <SequencePoint vc="0" uspid="214" ordinal="1" offset="1" sl="29" sc="13" el="29" ec="73" />
                <SequencePoint vc="0" uspid="215" ordinal="2" offset="15" sl="30" sc="9" el="30" ec="10" />
              </SequencePoints>
              <BranchPoints />
              <MethodPoint xsi:type="SequencePoint" vc="0" uspid="213" ordinal="0" offset="0" sl="28" sc="9" el="28" ec="10" />
            </Method>
            <Method visited="false" cyclomaticComplexity="1" sequenceCoverage="0" branchCoverage="0" isConstructor="true" isStatic="false" isGetter="false" isSetter="false">
              <MetadataToken>100663343</MetadataToken>
              <Name>System.Void OpenCover.Framework.Communication.MarshalWrapper::.ctor()</Name>
              <SequencePoints />
              <BranchPoints />
              <MethodPoint vc="0" uspid="216" ordinal="0" offset="0" />
            </Method>
          </Methods>
        </Class>
        <Class>
          <FullName>OpenCover.Framework.Manager.ProfilerManager</FullName>
          <Methods>
            <Method visited="true" cyclomaticComplexity="1" sequenceCoverage="100" branchCoverage="100" isConstructor="true" isStatic="false" isGetter="false" isSetter="false">
              <MetadataToken>100663345</MetadataToken>
              <Name>System.Void OpenCover.Framework.Manager.ProfilerManager::.ctor(OpenCover.Framework.Communication.IMessageHandler,OpenCover.Framework.Persistance.IPersistance)</Name>
              <FileRef uid="5" />
              <SequencePoints>
                <SequencePoint vc="5" uspid="217" ordinal="0" offset="0" sl="43" sc="9" el="43" ec="89" />
                <SequencePoint vc="5" uspid="218" ordinal="1" offset="7" sl="44" sc="9" el="44" ec="10" />
                <SequencePoint vc="5" uspid="219" ordinal="2" offset="8" sl="45" sc="13" el="45" ec="46" />
                <SequencePoint vc="5" uspid="220" ordinal="3" offset="15" sl="46" sc="13" el="46" ec="40" />
                <SequencePoint vc="5" uspid="221" ordinal="4" offset="22" sl="47" sc="9" el="47" ec="10" />
              </SequencePoints>
              <BranchPoints />
              <MethodPoint xsi:type="SequencePoint" vc="5" uspid="217" ordinal="0" offset="0" sl="43" sc="9" el="43" ec="89" />
            </Method>
            <Method visited="false" cyclomaticComplexity="8" sequenceCoverage="97" branchCoverage="50" isConstructor="false" isStatic="false" isGetter="false" isSetter="false">
              <MetadataToken>100663346</MetadataToken>
              <Name>System.Void OpenCover.Framework.Manager.ProfilerManager::RunProcess(System.Action`1&lt;System.Action`1&lt;System.Collections.Specialized.StringDictionary&gt;&gt;)</Name>
              <FileRef uid="5" />
              <SequencePoints>
                <SequencePoint vc="5" uspid="222" ordinal="0" offset="29" sl="50" sc="9" el="50" ec="10" />
                <SequencePoint vc="5" uspid="223" ordinal="1" offset="30" sl="51" sc="13" el="51" ec="66" />
                <SequencePoint vc="5" uspid="224" ordinal="2" offset="71" sl="52" sc="13" el="52" ec="57" />
                <SequencePoint vc="5" uspid="225" ordinal="3" offset="84" sl="53" sc="13" el="53" ec="55" />
                <SequencePoint vc="5" uspid="226" ordinal="4" offset="97" sl="54" sc="13" el="54" ec="64" />
                <SequencePoint vc="5" uspid="227" ordinal="5" offset="110" sl="55" sc="13" el="55" ec="64" />
                <SequencePoint vc="5" uspid="228" ordinal="6" offset="135" sl="57" sc="13" el="57" ec="164" />
                <SequencePoint vc="5" uspid="229" ordinal="7" offset="165" sl="58" sc="13" el="58" ec="167" />
                <SequencePoint vc="5" uspid="230" ordinal="8" offset="195" sl="59" sc="13" el="59" ec="163" />
                <SequencePoint vc="5" uspid="231" ordinal="9" offset="225" sl="61" sc="13" el="61" ec="55" />
                <SequencePoint vc="5" uspid="232" ordinal="10" offset="238" sl="63" sc="13" el="63" ec="158" />
                <SequencePoint vc="5" uspid="233" ordinal="11" offset="268" sl="64" sc="13" el="64" ec="166" />
                <SequencePoint vc="5" uspid="234" ordinal="12" offset="298" sl="66" sc="13" el="66" ec="46" />
                <SequencePoint vc="5" uspid="235" ordinal="13" offset="311" sl="68" sc="13" el="68" ec="59" />
                <SequencePoint vc="5" uspid="236" ordinal="14" offset="322" sl="70" sc="20" el="70" ec="137" />
                <SequencePoint vc="5" uspid="237" ordinal="15" offset="351" sl="71" sc="20" el="71" ec="133" />
                <SequencePoint vc="5" uspid="238" ordinal="16" offset="380" sl="72" sc="13" el="72" ec="18" />
                <SequencePoint vc="5" uspid="239" ordinal="17" offset="408" sl="73" sc="13" el="73" ec="18" />
                <SequencePoint vc="5" uspid="240" ordinal="18" offset="436" sl="74" sc="13" el="74" ec="14" />
                <SequencePoint vc="5" uspid="241" ordinal="19" offset="437" sl="75" sc="17" el="75" ec="78" />
                <SequencePoint vc="5" uspid="242" ordinal="20" offset="457" sl="76" sc="17" el="93" ec="20" />
                <SequencePoint vc="5" uspid="243" ordinal="21" offset="486" sl="95" sc="17" el="112" ec="20" />
                <SequencePoint vc="5" uspid="244" ordinal="22" offset="515" sl="115" sc="17" el="115" ec="103" />
                <SequencePoint vc="0" uspid="245" ordinal="23" offset="563" sl="116" sc="21" el="116" ec="28" />
                <SequencePoint vc="5" uspid="246" ordinal="24" offset="568" sl="118" sc="17" el="118" ec="59" />
                <SequencePoint vc="5" uspid="247" ordinal="25" offset="584" sl="119" sc="17" el="119" ec="91" />
                <SequencePoint vc="5" uspid="248" ordinal="26" offset="597" sl="121" sc="17" el="121" ec="18" />
                <SequencePoint vc="5" uspid="249" ordinal="27" offset="598" sl="122" sc="21" el="122" ec="59" />
                <SequencePoint vc="5" uspid="250" ordinal="28" offset="607" sl="123" sc="17" el="123" ec="18" />
                <SequencePoint vc="5" uspid="251" ordinal="29" offset="610" sl="125" sc="17" el="125" ec="18" />
                <SequencePoint vc="5" uspid="252" ordinal="30" offset="611" sl="126" sc="21" el="126" ec="40" />
                <SequencePoint vc="5" uspid="253" ordinal="31" offset="619" sl="127" sc="17" el="127" ec="18" />
                <SequencePoint vc="5" uspid="254" ordinal="32" offset="622" sl="129" sc="17" el="129" ec="37" />
                <SequencePoint vc="5" uspid="255" ordinal="33" offset="635" sl="130" sc="13" el="130" ec="14" />
                <SequencePoint vc="5" uspid="256" ordinal="34" offset="724" sl="131" sc="9" el="131" ec="10" />
                <SequencePoint vc="5" uspid="257" ordinal="35" offset="726" sl="131" sc="9" el="131" ec="10" />
              </SequencePoints>
              <BranchPoints>
                <BranchPoint vc="5" uspid="259" ordinal="0" offset="459" path="0" />
                <BranchPoint vc="0" uspid="260" ordinal="1" offset="459" path="1" />
                <BranchPoint vc="5" uspid="261" ordinal="2" offset="488" path="0" />
                <BranchPoint vc="0" uspid="262" ordinal="3" offset="488" path="1" />
                <BranchPoint vc="0" uspid="263" ordinal="4" offset="561" path="0" />
                <BranchPoint vc="5" uspid="264" ordinal="5" offset="561" path="1" />
                <BranchPoint vc="5" uspid="265" ordinal="6" offset="647" path="0" />
                <BranchPoint vc="0" uspid="266" ordinal="7" offset="647" path="1" />
                <BranchPoint vc="5" uspid="267" ordinal="8" offset="670" path="0" />
                <BranchPoint vc="0" uspid="268" ordinal="9" offset="670" path="1" />
                <BranchPoint vc="5" uspid="269" ordinal="10" offset="692" path="0" />
                <BranchPoint vc="0" uspid="270" ordinal="11" offset="692" path="1" />
                <BranchPoint vc="5" uspid="271" ordinal="12" offset="713" path="0" />
                <BranchPoint vc="0" uspid="272" ordinal="13" offset="713" path="1" />
              </BranchPoints>
              <MethodPoint vc="0" uspid="258" ordinal="0" offset="0" />
            </Method>
            <Method visited="true" cyclomaticComplexity="6" sequenceCoverage="100" branchCoverage="100" isConstructor="false" isStatic="false" isGetter="false" isSetter="false">
              <MetadataToken>100663347</MetadataToken>
              <Name>System.Void OpenCover.Framework.Manager.ProfilerManager::ProcessMessages(System.Collections.Generic.List`1&lt;System.Threading.WaitHandle&gt;,System.Runtime.InteropServices.GCHandle)</Name>
              <FileRef uid="5" />
              <SequencePoints>
                <SequencePoint vc="5" uspid="273" ordinal="0" offset="0" sl="134" sc="9" el="134" ec="10" />
                <SequencePoint vc="5" uspid="274" ordinal="1" offset="1" sl="135" sc="13" el="135" ec="32" />
                <SequencePoint vc="5" uspid="275" ordinal="2" offset="3" sl="136" sc="13" el="136" ec="37" />
                <SequencePoint vc="8" uspid="276" ordinal="3" offset="5" sl="138" sc="13" el="138" ec="14" />
                <SequencePoint vc="8" uspid="277" ordinal="4" offset="6" sl="139" sc="17" el="139" ec="34" />
                <SequencePoint vc="7" uspid="278" ordinal="5" offset="17" sl="139" sc="35" el="139" ec="63" />
                <SequencePoint vc="8" uspid="279" ordinal="6" offset="28" sl="140" sc="17" el="140" ec="63" />
                <SequencePoint vc="1" uspid="280" ordinal="7" offset="63" sl="143" sc="25" el="143" ec="62" />
                <SequencePoint vc="1" uspid="281" ordinal="8" offset="75" sl="145" sc="25" el="145" ec="72" />
                <SequencePoint vc="1" uspid="282" ordinal="9" offset="90" sl="146" sc="25" el="146" ec="100" />
                <SequencePoint vc="1" uspid="283" ordinal="10" offset="120" sl="148" sc="25" el="151" ec="62" />
                <SequencePoint vc="1" uspid="284" ordinal="11" offset="163" sl="153" sc="25" el="153" ec="68" />
                <SequencePoint vc="1" uspid="285" ordinal="12" offset="171" sl="154" sc="25" el="154" ec="31" />
                <SequencePoint vc="2" uspid="286" ordinal="13" offset="173" sl="156" sc="25" el="156" ec="53" />
                <SequencePoint vc="2" uspid="287" ordinal="14" offset="185" sl="158" sc="25" el="158" ec="74" />
                <SequencePoint vc="2" uspid="288" ordinal="15" offset="200" sl="159" sc="25" el="159" ec="74" />
                <SequencePoint vc="2" uspid="289" ordinal="16" offset="219" sl="161" sc="25" el="161" ec="56" />
                <SequencePoint vc="2" uspid="290" ordinal="17" offset="231" sl="162" sc="25" el="162" ec="53" />
                <SequencePoint vc="2" uspid="291" ordinal="18" offset="244" sl="163" sc="25" el="163" ec="37" />
                <SequencePoint vc="2" uspid="292" ordinal="19" offset="246" sl="164" sc="25" el="164" ec="31" />
                <SequencePoint vc="5" uspid="293" ordinal="20" offset="248" sl="166" sc="25" el="166" ec="46" />
                <SequencePoint vc="5" uspid="294" ordinal="21" offset="250" sl="167" sc="25" el="167" ec="31" />
                <SequencePoint vc="8" uspid="295" ordinal="22" offset="252" sl="169" sc="13" el="169" ec="14" />
                <SequencePoint vc="8" uspid="296" ordinal="23" offset="253" sl="169" sc="15" el="169" ec="36" />
                <SequencePoint vc="5" uspid="297" ordinal="24" offset="261" sl="171" sc="13" el="171" ec="62" />
                <SequencePoint vc="5" uspid="298" ordinal="25" offset="276" sl="172" sc="13" el="172" ec="62" />
                <SequencePoint vc="5" uspid="299" ordinal="26" offset="295" sl="174" sc="13" el="174" ec="41" />
                <SequencePoint vc="5" uspid="300" ordinal="27" offset="308" sl="175" sc="13" el="175" ec="48" />
                <SequencePoint vc="5" uspid="301" ordinal="28" offset="326" sl="176" sc="9" el="176" ec="10" />
              </SequencePoints>
              <BranchPoints>
                <BranchPoint vc="7" uspid="302" ordinal="0" offset="15" path="0" />
                <BranchPoint vc="1" uspid="303" ordinal="1" offset="15" path="1" />
                <BranchPoint vc="5" uspid="304" ordinal="2" offset="45" path="0" />
                <BranchPoint vc="1" uspid="305" ordinal="3" offset="45" path="1" />
                <BranchPoint vc="2" uspid="306" ordinal="4" offset="45" path="2" />
                <BranchPoint vc="5" uspid="307" ordinal="5" offset="256" path="0" />
                <BranchPoint vc="3" uspid="308" ordinal="6" offset="256" path="1" />
              </BranchPoints>
              <MethodPoint xsi:type="SequencePoint" vc="5" uspid="273" ordinal="0" offset="0" sl="134" sc="9" el="134" ec="10" />
            </Method>
            <Method visited="true" cyclomaticComplexity="1" sequenceCoverage="100" branchCoverage="100" isConstructor="false" isStatic="false" isGetter="false" isSetter="false">
              <MetadataToken>100663348</MetadataToken>
              <Name>System.Void OpenCover.Framework.Manager.ProfilerManager::SendChunkAndWaitForConfirmation(System.Int32)</Name>
              <FileRef uid="5" />
              <SequencePoints>
                <SequencePoint vc="1" uspid="309" ordinal="0" offset="0" sl="179" sc="9" el="179" ec="10" />
                <SequencePoint vc="1" uspid="310" ordinal="1" offset="1" sl="180" sc="13" el="180" ec="60" />
                <SequencePoint vc="1" uspid="311" ordinal="2" offset="16" sl="181" sc="13" el="181" ec="74" />
                <SequencePoint vc="1" uspid="312" ordinal="3" offset="36" sl="183" sc="13" el="183" ec="96" />
                <SequencePoint vc="1" uspid="313" ordinal="4" offset="54" sl="184" sc="13" el="184" ec="48" />
                <SequencePoint vc="1" uspid="314" ordinal="5" offset="66" sl="185" sc="9" el="185" ec="10" />
              </SequencePoints>
              <BranchPoints />
              <MethodPoint xsi:type="SequencePoint" vc="1" uspid="309" ordinal="0" offset="0" sl="179" sc="9" el="179" ec="10" />
            </Method>
          </Methods>
        </Class>
        <Class>
          <FullName>OpenCover.Framework.Manager.ProfilerManager/&lt;&gt;c__DisplayClass6</FullName>
          <Methods>
            <Method visited="true" cyclomaticComplexity="1" sequenceCoverage="0" branchCoverage="0" isConstructor="true" isStatic="false" isGetter="false" isSetter="false">
              <MetadataToken>100663556</MetadataToken>
              <Name>System.Void OpenCover.Framework.Manager.ProfilerManager/&lt;&gt;c__DisplayClass6::.ctor()</Name>
              <SequencePoints />
              <BranchPoints />
              <MethodPoint vc="5" uspid="315" ordinal="0" offset="0" />
            </Method>
            <Method visited="false" cyclomaticComplexity="2" sequenceCoverage="100" branchCoverage="50" isConstructor="false" isStatic="false" isGetter="false" isSetter="false">
              <MetadataToken>100663557</MetadataToken>
              <Name>System.Void OpenCover.Framework.Manager.ProfilerManager/&lt;&gt;c__DisplayClass6::&lt;RunProcess&gt;b__1(System.Object)</Name>
              <FileRef uid="5" />
              <SequencePoints>
                <SequencePoint vc="5" uspid="316" ordinal="0" offset="2" sl="77" sc="17" el="77" ec="18" />
                <SequencePoint vc="5" uspid="317" ordinal="1" offset="3" sl="79" sc="21" el="79" ec="22" />
                <SequencePoint vc="5" uspid="318" ordinal="2" offset="4" sl="80" sc="25" el="87" ec="28" />
                <SequencePoint vc="5" uspid="319" ordinal="3" offset="35" sl="88" sc="21" el="88" ec="22" />
                <SequencePoint vc="5" uspid="320" ordinal="4" offset="38" sl="90" sc="21" el="90" ec="22" />
                <SequencePoint vc="5" uspid="321" ordinal="5" offset="39" sl="91" sc="25" el="91" ec="43" />
                <SequencePoint vc="5" uspid="322" ordinal="6" offset="51" sl="92" sc="21" el="92" ec="22" />
                <SequencePoint vc="5" uspid="323" ordinal="7" offset="54" sl="93" sc="17" el="93" ec="18" />
              </SequencePoints>
              <BranchPoints>
                <BranchPoint vc="5" uspid="325" ordinal="0" offset="11" path="0" />
                <BranchPoint vc="0" uspid="326" ordinal="1" offset="11" path="1" />
              </BranchPoints>
              <MethodPoint vc="0" uspid="324" ordinal="0" offset="0" />
            </Method>
            <Method visited="true" cyclomaticComplexity="3" sequenceCoverage="100" branchCoverage="100" isConstructor="false" isStatic="false" isGetter="false" isSetter="false">
              <MetadataToken>100663558</MetadataToken>
              <Name>System.Void OpenCover.Framework.Manager.ProfilerManager/&lt;&gt;c__DisplayClass6::&lt;RunProcess&gt;b__3(System.Object)</Name>
              <FileRef uid="5" />
              <SequencePoints>
                <SequencePoint vc="5" uspid="327" ordinal="0" offset="0" sl="96" sc="17" el="96" ec="18" />
                <SequencePoint vc="12" uspid="328" ordinal="1" offset="3" sl="98" sc="21" el="98" ec="22" />
                <SequencePoint vc="254471" uspid="329" ordinal="2" offset="6" sl="101" sc="29" el="101" ec="44" />
                <SequencePoint vc="254483" uspid="330" ordinal="3" offset="12" sl="100" sc="25" el="100" ec="68" />
                <SequencePoint vc="12" uspid="331" ordinal="4" offset="37" sl="103" sc="25" el="103" ec="46" />
                <SequencePoint vc="5" uspid="332" ordinal="5" offset="50" sl="104" sc="25" el="104" ec="26" />
                <SequencePoint vc="5" uspid="333" ordinal="6" offset="51" sl="105" sc="29" el="105" ec="56" />
                <SequencePoint vc="5" uspid="334" ordinal="7" offset="68" sl="106" sc="29" el="106" ec="45" />
                <SequencePoint vc="5" uspid="335" ordinal="8" offset="80" sl="107" sc="29" el="107" ec="36" />
                <SequencePoint vc="7" uspid="336" ordinal="9" offset="82" sl="110" sc="25" el="110" ec="58" />
                <SequencePoint vc="7" uspid="337" ordinal="10" offset="100" sl="111" sc="21" el="111" ec="22" />
                <SequencePoint vc="12" uspid="338" ordinal="11" offset="101" sl="97" sc="21" el="97" ec="33" />
              </SequencePoints>
              <BranchPoints>
                <BranchPoint vc="12" uspid="339" ordinal="0" offset="35" path="0" />
                <BranchPoint vc="254471" uspid="340" ordinal="1" offset="35" path="1" />
                <BranchPoint vc="5" uspid="341" ordinal="2" offset="48" path="0" />
                <BranchPoint vc="7" uspid="342" ordinal="3" offset="48" path="1" />
              </BranchPoints>
              <MethodPoint xsi:type="SequencePoint" vc="5" uspid="327" ordinal="0" offset="0" sl="96" sc="17" el="96" ec="18" />
            </Method>
            <Method visited="true" cyclomaticComplexity="2" sequenceCoverage="85" branchCoverage="50" isConstructor="false" isStatic="false" isGetter="false" isSetter="false">
              <MetadataToken>100663559</MetadataToken>
              <Name>System.Void OpenCover.Framework.Manager.ProfilerManager/&lt;&gt;c__DisplayClass6::&lt;RunProcess&gt;b__2(System.Collections.Specialized.StringDictionary)</Name>
              <FileRef uid="5" />
              <SequencePoints>
                <SequencePoint vc="5" uspid="343" ordinal="0" offset="0" sl="81" sc="25" el="81" ec="26" />
                <SequencePoint vc="5" uspid="344" ordinal="1" offset="1" sl="82" sc="29" el="82" ec="52" />
                <SequencePoint vc="0" uspid="345" ordinal="2" offset="12" sl="82" sc="53" el="82" ec="60" />
                <SequencePoint vc="5" uspid="346" ordinal="3" offset="14" sl="83" sc="29" el="83" ec="73" />
                <SequencePoint vc="5" uspid="347" ordinal="4" offset="32" sl="84" sc="29" el="84" ec="99" />
                <SequencePoint vc="5" uspid="348" ordinal="5" offset="49" sl="85" sc="29" el="85" ec="70" />
                <SequencePoint vc="5" uspid="349" ordinal="6" offset="66" sl="86" sc="29" el="86" ec="54" />
              </SequencePoints>
              <BranchPoints>
                <BranchPoint vc="0" uspid="350" ordinal="0" offset="10" path="0" />
                <BranchPoint vc="5" uspid="351" ordinal="1" offset="10" path="1" />
              </BranchPoints>
              <MethodPoint xsi:type="SequencePoint" vc="5" uspid="343" ordinal="0" offset="0" sl="81" sc="25" el="81" ec="26" />
            </Method>
          </Methods>
        </Class>
        <Class>
          <FullName>OpenCover.Framework.Communication.MessageHandler</FullName>
          <Methods>
            <Method visited="true" cyclomaticComplexity="1" sequenceCoverage="100" branchCoverage="100" isConstructor="true" isStatic="false" isGetter="false" isSetter="false">
              <MetadataToken>100663352</MetadataToken>
              <Name>System.Void OpenCover.Framework.Communication.MessageHandler::.ctor(OpenCover.Framework.Service.IProfilerCommunication,OpenCover.Framework.Communication.IMarshalWrapper)</Name>
              <FileRef uid="7" />
              <SequencePoints>
                <SequencePoint vc="8" uspid="352" ordinal="0" offset="0" sl="33" sc="9" el="33" ec="108" />
                <SequencePoint vc="8" uspid="353" ordinal="1" offset="7" sl="34" sc="9" el="34" ec="10" />
                <SequencePoint vc="8" uspid="354" ordinal="2" offset="8" sl="35" sc="13" el="35" ec="60" />
                <SequencePoint vc="8" uspid="355" ordinal="3" offset="15" sl="36" sc="13" el="36" ec="46" />
                <SequencePoint vc="8" uspid="356" ordinal="4" offset="22" sl="37" sc="9" el="37" ec="10" />
              </SequencePoints>
              <BranchPoints />
              <MethodPoint xsi:type="SequencePoint" vc="8" uspid="352" ordinal="0" offset="0" sl="33" sc="9" el="33" ec="108" />
            </Method>
            <Method visited="true" cyclomaticComplexity="16" sequenceCoverage="100" branchCoverage="95" isConstructor="false" isStatic="false" isGetter="false" isSetter="false">
              <MetadataToken>100663353</MetadataToken>
              <Name>System.Int32 OpenCover.Framework.Communication.MessageHandler::StandardMessage(OpenCover.Framework.Communication.MSG_Type,System.IntPtr,System.Action`1&lt;System.Int32&gt;)</Name>
              <FileRef uid="7" />
              <SequencePoints>
                <SequencePoint vc="7" uspid="357" ordinal="0" offset="0" sl="40" sc="9" el="40" ec="10" />
                <SequencePoint vc="7" uspid="358" ordinal="1" offset="1" sl="41" sc="13" el="41" ec="31" />
                <SequencePoint vc="7" uspid="359" ordinal="2" offset="3" sl="42" sc="13" el="42" ec="29" />
                <SequencePoint vc="1" uspid="360" ordinal="3" offset="32" sl="45" sc="21" el="45" ec="22" />
                <SequencePoint vc="1" uspid="361" ordinal="4" offset="33" sl="46" sc="25" el="46" ec="109" />
                <SequencePoint vc="1" uspid="362" ordinal="5" offset="46" sl="47" sc="25" el="47" ec="75" />
                <SequencePoint vc="1" uspid="363" ordinal="6" offset="54" sl="48" sc="25" el="48" ec="119" />
                <SequencePoint vc="1" uspid="364" ordinal="7" offset="86" sl="49" sc="25" el="49" ec="89" />
                <SequencePoint vc="1" uspid="365" ordinal="8" offset="101" sl="50" sc="25" el="50" ec="89" />
                <SequencePoint vc="1" uspid="366" ordinal="9" offset="117" sl="51" sc="21" el="51" ec="22" />
                <SequencePoint vc="1" uspid="367" ordinal="10" offset="118" sl="52" sc="21" el="52" ec="27" />
                <SequencePoint vc="3" uspid="368" ordinal="11" offset="123" sl="55" sc="21" el="55" ec="22" />
                <SequencePoint vc="3" uspid="369" ordinal="12" offset="124" sl="56" sc="25" el="56" ec="114" />
                <SequencePoint vc="3" uspid="370" ordinal="13" offset="137" sl="58" sc="25" el="58" ec="80" />
                <SequencePoint vc="3" uspid="371" ordinal="14" offset="145" sl="59" sc="25" el="60" ec="104" />
                <SequencePoint vc="3" uspid="372" ordinal="15" offset="180" sl="61" sc="25" el="61" ec="78" />
                <SequencePoint vc="3" uspid="373" ordinal="16" offset="193" sl="63" sc="25" el="63" ec="39" />
                <SequencePoint vc="3" uspid="374" ordinal="17" offset="196" sl="64" sc="25" el="64" ec="80" />
                <SequencePoint vc="4" uspid="375" ordinal="18" offset="213" sl="66" sc="25" el="66" ec="26" />
                <SequencePoint vc="4" uspid="376" ordinal="19" offset="214" sl="67" sc="29" el="67" ec="97" />
                <SequencePoint vc="4" uspid="377" ordinal="20" offset="230" sl="68" sc="29" el="68" ec="66" />
                <SequencePoint vc="4" uspid="378" ordinal="21" offset="243" sl="69" sc="29" el="69" ec="87" />
                <SequencePoint vc="4" uspid="379" ordinal="22" offset="262" sl="70" sc="29" el="70" ec="94" />
                <SequencePoint vc="4" uspid="380" ordinal="23" offset="278" sl="71" sc="34" el="71" ec="44" />
                <SequencePoint vc="102" uspid="381" ordinal="24" offset="283" sl="72" sc="29" el="72" ec="30" />
                <SequencePoint vc="102" uspid="382" ordinal="25" offset="284" sl="73" sc="33" el="73" ec="69" />
                <SequencePoint vc="102" uspid="383" ordinal="26" offset="292" sl="74" sc="33" el="74" ec="73" />
                <SequencePoint vc="102" uspid="384" ordinal="27" offset="309" sl="75" sc="33" el="75" ec="88" />
                <SequencePoint vc="102" uspid="385" ordinal="28" offset="326" sl="77" sc="33" el="77" ec="104" />
                <SequencePoint vc="102" uspid="386" ordinal="29" offset="348" sl="78" sc="33" el="78" ec="52" />
                <SequencePoint vc="102" uspid="387" ordinal="30" offset="353" sl="79" sc="33" el="79" ec="41" />
                <SequencePoint vc="102" uspid="388" ordinal="31" offset="359" sl="80" sc="29" el="80" ec="30" />
                <SequencePoint vc="102" uspid="389" ordinal="32" offset="360" sl="71" sc="68" el="71" ec="71" />
                <SequencePoint vc="106" uspid="390" ordinal="33" offset="366" sl="71" sc="45" el="71" ec="66" />
                <SequencePoint vc="4" uspid="391" ordinal="34" offset="383" sl="82" sc="29" el="82" ec="50" />
                <SequencePoint vc="1" uspid="392" ordinal="35" offset="399" sl="83" sc="29" el="83" ec="30" />
                <SequencePoint vc="1" uspid="393" ordinal="36" offset="400" sl="84" sc="33" el="84" ec="55" />
                <SequencePoint vc="1" uspid="394" ordinal="37" offset="408" sl="85" sc="33" el="85" ec="52" />
                <SequencePoint vc="1" uspid="395" ordinal="38" offset="415" sl="86" sc="29" el="86" ec="30" />
                <SequencePoint vc="4" uspid="396" ordinal="39" offset="416" sl="87" sc="25" el="87" ec="26" />
                <SequencePoint vc="4" uspid="397" ordinal="40" offset="417" sl="87" sc="27" el="87" ec="52" />
                <SequencePoint vc="3" uspid="398" ordinal="41" offset="433" sl="88" sc="21" el="88" ec="22" />
                <SequencePoint vc="3" uspid="399" ordinal="42" offset="434" sl="89" sc="21" el="89" ec="27" />
                <SequencePoint vc="3" uspid="400" ordinal="43" offset="439" sl="92" sc="21" el="92" ec="22" />
                <SequencePoint vc="3" uspid="401" ordinal="44" offset="440" sl="93" sc="25" el="93" ec="112" />
                <SequencePoint vc="3" uspid="402" ordinal="45" offset="454" sl="95" sc="25" el="95" ec="78" />
                <SequencePoint vc="3" uspid="403" ordinal="46" offset="462" sl="96" sc="25" el="97" ec="104" />
                <SequencePoint vc="3" uspid="404" ordinal="47" offset="497" sl="98" sc="25" el="98" ec="78" />
                <SequencePoint vc="3" uspid="405" ordinal="48" offset="510" sl="100" sc="25" el="100" ec="39" />
                <SequencePoint vc="3" uspid="406" ordinal="49" offset="513" sl="101" sc="25" el="101" ec="78" />
                <SequencePoint vc="4" uspid="407" ordinal="50" offset="530" sl="103" sc="25" el="103" ec="26" />
                <SequencePoint vc="4" uspid="408" ordinal="51" offset="531" sl="104" sc="29" el="104" ec="95" />
                <SequencePoint vc="4" uspid="409" ordinal="52" offset="547" sl="105" sc="29" el="105" ec="66" />
                <SequencePoint vc="4" uspid="410" ordinal="53" offset="560" sl="106" sc="29" el="106" ec="87" />
                <SequencePoint vc="4" uspid="411" ordinal="54" offset="579" sl="107" sc="29" el="107" ec="94" />
                <SequencePoint vc="4" uspid="412" ordinal="55" offset="595" sl="108" sc="34" el="108" ec="44" />
                <SequencePoint vc="102" uspid="413" ordinal="56" offset="600" sl="109" sc="29" el="109" ec="30" />
                <SequencePoint vc="102" uspid="414" ordinal="57" offset="601" sl="110" sc="33" el="110" ec="67" />
                <SequencePoint vc="102" uspid="415" ordinal="58" offset="609" sl="111" sc="33" el="111" ec="73" />
                <SequencePoint vc="102" uspid="416" ordinal="59" offset="626" sl="112" sc="33" el="112" ec="88" />
                <SequencePoint vc="102" uspid="417" ordinal="60" offset="643" sl="113" sc="33" el="113" ec="69" />
                <SequencePoint vc="102" uspid="418" ordinal="61" offset="660" sl="115" sc="33" el="115" ec="104" />
                <SequencePoint vc="102" uspid="419" ordinal="62" offset="682" sl="116" sc="33" el="116" ec="52" />
                <SequencePoint vc="102" uspid="420" ordinal="63" offset="687" sl="117" sc="33" el="117" ec="41" />
                <SequencePoint vc="102" uspid="421" ordinal="64" offset="693" sl="118" sc="29" el="118" ec="30" />
                <SequencePoint vc="102" uspid="422" ordinal="65" offset="694" sl="108" sc="68" el="108" ec="71" />
                <SequencePoint vc="106" uspid="423" ordinal="66" offset="700" sl="108" sc="45" el="108" ec="66" />
                <SequencePoint vc="4" uspid="424" ordinal="67" offset="717" sl="120" sc="29" el="120" ec="50" />
                <SequencePoint vc="1" uspid="425" ordinal="68" offset="733" sl="121" sc="29" el="121" ec="30" />
                <SequencePoint vc="1" uspid="426" ordinal="69" offset="734" sl="122" sc="33" el="122" ec="55" />
                <SequencePoint vc="1" uspid="427" ordinal="70" offset="742" sl="123" sc="33" el="123" ec="52" />
                <SequencePoint vc="1" uspid="428" ordinal="71" offset="749" sl="124" sc="29" el="124" ec="30" />
                <SequencePoint vc="4" uspid="429" ordinal="72" offset="750" sl="125" sc="25" el="125" ec="26" />
                <SequencePoint vc="4" uspid="430" ordinal="73" offset="751" sl="125" sc="27" el="125" ec="52" />
                <SequencePoint vc="3" uspid="431" ordinal="74" offset="767" sl="126" sc="21" el="126" ec="22" />
                <SequencePoint vc="3" uspid="432" ordinal="75" offset="768" sl="127" sc="21" el="127" ec="27" />
                <SequencePoint vc="7" uspid="433" ordinal="76" offset="770" sl="129" sc="13" el="129" ec="30" />
                <SequencePoint vc="7" uspid="434" ordinal="77" offset="775" sl="130" sc="9" el="130" ec="10" />
              </SequencePoints>
              <BranchPoints>
                <BranchPoint vc="0" uspid="435" ordinal="0" offset="10" path="0" />
                <BranchPoint vc="1" uspid="436" ordinal="1" offset="10" path="1" />
                <BranchPoint vc="3" uspid="437" ordinal="2" offset="10" path="2" />
                <BranchPoint vc="3" uspid="438" ordinal="3" offset="10" path="3" />
                <BranchPoint vc="2" uspid="439" ordinal="4" offset="182" path="0" />
                <BranchPoint vc="1" uspid="440" ordinal="5" offset="182" path="1" />
                <BranchPoint vc="3" uspid="441" ordinal="6" offset="249" path="0" />
                <BranchPoint vc="1" uspid="442" ordinal="7" offset="249" path="1" />
                <BranchPoint vc="4" uspid="443" ordinal="8" offset="381" path="0" />
                <BranchPoint vc="102" uspid="444" ordinal="9" offset="381" path="1" />
                <BranchPoint vc="1" uspid="445" ordinal="10" offset="397" path="0" />
                <BranchPoint vc="3" uspid="446" ordinal="11" offset="397" path="1" />
                <BranchPoint vc="3" uspid="447" ordinal="12" offset="428" path="0" />
                <BranchPoint vc="1" uspid="448" ordinal="13" offset="428" path="1" />
                <BranchPoint vc="2" uspid="449" ordinal="14" offset="499" path="0" />
                <BranchPoint vc="1" uspid="450" ordinal="15" offset="499" path="1" />
                <BranchPoint vc="3" uspid="451" ordinal="16" offset="566" path="0" />
                <BranchPoint vc="1" uspid="452" ordinal="17" offset="566" path="1" />
                <BranchPoint vc="4" uspid="453" ordinal="18" offset="715" path="0" />
                <BranchPoint vc="102" uspid="454" ordinal="19" offset="715" path="1" />
                <BranchPoint vc="1" uspid="455" ordinal="20" offset="731" path="0" />
                <BranchPoint vc="3" uspid="456" ordinal="21" offset="731" path="1" />
                <BranchPoint vc="3" uspid="457" ordinal="22" offset="762" path="0" />
                <BranchPoint vc="1" uspid="458" ordinal="23" offset="762" path="1" />
              </BranchPoints>
              <MethodPoint xsi:type="SequencePoint" vc="7" uspid="357" ordinal="0" offset="0" sl="40" sc="9" el="40" ec="10" />
            </Method>
            <Method visited="true" cyclomaticComplexity="2" sequenceCoverage="100" branchCoverage="50" isConstructor="false" isStatic="false" isGetter="true" isSetter="false">
              <MetadataToken>100663354</MetadataToken>
              <Name>System.Int32 OpenCover.Framework.Communication.MessageHandler::get_ReadSize()</Name>
              <FileRef uid="7" />
              <SequencePoints>
                <SequencePoint vc="1" uspid="459" ordinal="0" offset="0" sl="136" sc="13" el="136" ec="14" />
                <SequencePoint vc="1" uspid="460" ordinal="1" offset="1" sl="137" sc="17" el="137" ec="36" />
                <SequencePoint vc="1" uspid="461" ordinal="2" offset="17" sl="138" sc="17" el="138" ec="18" />
                <SequencePoint vc="1" uspid="462" ordinal="3" offset="18" sl="139" sc="21" el="143" ec="30" />
                <SequencePoint vc="1" uspid="463" ordinal="4" offset="91" sl="144" sc="17" el="144" ec="18" />
                <SequencePoint vc="1" uspid="464" ordinal="5" offset="92" sl="145" sc="17" el="145" ec="34" />
                <SequencePoint vc="1" uspid="465" ordinal="6" offset="101" sl="146" sc="13" el="146" ec="14" />
              </SequencePoints>
              <BranchPoints>
                <BranchPoint vc="1" uspid="466" ordinal="0" offset="15" path="0" />
                <BranchPoint vc="0" uspid="467" ordinal="1" offset="15" path="1" />
              </BranchPoints>
              <MethodPoint xsi:type="SequencePoint" vc="1" uspid="459" ordinal="0" offset="0" sl="136" sc="13" el="136" ec="14" />
            </Method>
            <Method visited="false" cyclomaticComplexity="1" sequenceCoverage="0" branchCoverage="0" isConstructor="false" isStatic="false" isGetter="false" isSetter="false">
              <MetadataToken>100663355</MetadataToken>
              <Name>System.Void OpenCover.Framework.Communication.MessageHandler::Complete()</Name>
              <FileRef uid="7" />
              <SequencePoints>
                <SequencePoint vc="0" uspid="468" ordinal="0" offset="0" sl="150" sc="9" el="150" ec="10" />
                <SequencePoint vc="0" uspid="469" ordinal="1" offset="1" sl="151" sc="13" el="151" ec="47" />
                <SequencePoint vc="0" uspid="470" ordinal="2" offset="13" sl="152" sc="9" el="152" ec="10" />
              </SequencePoints>
              <BranchPoints />
              <MethodPoint xsi:type="SequencePoint" vc="0" uspid="468" ordinal="0" offset="0" sl="150" sc="9" el="150" ec="10" />
            </Method>
[...]
                <SequencePoint vc="1" uspid="1500" ordinal="9" offset="124" sl="304" sc="21" el="304" ec="131" />
                <SequencePoint vc="1" uspid="1501" ordinal="10" offset="132" sl="305" sc="17" el="305" ec="18" />
                <SequencePoint vc="145" uspid="1502" ordinal="11" offset="133" sl="299" sc="47" el="299" ec="49" />
                <SequencePoint vc="144" uspid="1503" ordinal="12" offset="169" sl="306" sc="17" el="306" ec="51" />
                <SequencePoint vc="20" uspid="1504" ordinal="13" offset="184" sl="307" sc="21" el="307" ec="104" />
                <SequencePoint vc="144" uspid="1505" ordinal="14" offset="203" sl="308" sc="13" el="308" ec="14" />
                <SequencePoint vc="166" uspid="1506" ordinal="15" offset="204" sl="297" sc="41" el="297" ec="43" />
                <SequencePoint vc="22" uspid="1507" ordinal="16" offset="243" sl="309" sc="9" el="309" ec="10" />
              </SequencePoints>
              <BranchPoints>
                <BranchPoint vc="22" uspid="1509" ordinal="0" offset="47" path="0" />
                <BranchPoint vc="122" uspid="1510" ordinal="1" offset="47" path="1" />
                <BranchPoint vc="1" uspid="1511" ordinal="2" offset="75" path="0" />
                <BranchPoint vc="143" uspid="1512" ordinal="3" offset="75" path="1" />
                <BranchPoint vc="144" uspid="1513" ordinal="4" offset="144" path="0" />
                <BranchPoint vc="1" uspid="1514" ordinal="5" offset="144" path="1" />
                <BranchPoint vc="144" uspid="1515" ordinal="6" offset="157" path="0" />
                <BranchPoint vc="0" uspid="1516" ordinal="7" offset="157" path="1" />
                <BranchPoint vc="20" uspid="1517" ordinal="8" offset="182" path="0" />
                <BranchPoint vc="124" uspid="1518" ordinal="9" offset="182" path="1" />
                <BranchPoint vc="22" uspid="1519" ordinal="10" offset="215" path="0" />
                <BranchPoint vc="144" uspid="1520" ordinal="11" offset="215" path="1" />
                <BranchPoint vc="22" uspid="1521" ordinal="12" offset="231" path="0" />
                <BranchPoint vc="0" uspid="1522" ordinal="13" offset="231" path="1" />
              </BranchPoints>
              <MethodPoint vc="0" uspid="1508" ordinal="0" offset="0" />
            </Method>
            <Method visited="true" cyclomaticComplexity="1" sequenceCoverage="100" branchCoverage="100" isConstructor="false" isStatic="true" isGetter="false" isSetter="false">
              <MetadataToken>100663547</MetadataToken>
              <Name>OpenCover.Framework.Model.File OpenCover.Framework.Symbols.CecilSymbolManager::&lt;GetFiles&gt;b__1(OpenCover.Framework.Model.File)</Name>
              <FileRef uid="27" />
              <SequencePoints>
                <SequencePoint vc="22" uspid="1523" ordinal="0" offset="0" sl="116" sc="77" el="116" ec="81" />
              </SequencePoints>
              <BranchPoints />
              <MethodPoint xsi:type="SequencePoint" vc="22" uspid="1523" ordinal="0" offset="0" sl="116" sc="77" el="116" ec="81" />
            </Method>
            <Method visited="true" cyclomaticComplexity="1" sequenceCoverage="100" branchCoverage="100" isConstructor="false" isStatic="false" isGetter="false" isSetter="false">
              <MetadataToken>100663548</MetadataToken>
              <Name>System.Boolean OpenCover.Framework.Symbols.CecilSymbolManager::&lt;GetInstrumentableTypes&gt;b__3(OpenCover.Framework.Model.Class)</Name>
              <FileRef uid="27" />
              <SequencePoints>
                <SequencePoint vc="804" uspid="1524" ordinal="0" offset="0" sl="124" sc="39" el="124" ec="87" />
              </SequencePoints>
              <BranchPoints />
              <MethodPoint xsi:type="SequencePoint" vc="804" uspid="1524" ordinal="0" offset="0" sl="124" sc="39" el="124" ec="87" />
            </Method>
            <Method visited="true" cyclomaticComplexity="1" sequenceCoverage="100" branchCoverage="100" isConstructor="false" isStatic="true" isGetter="false" isSetter="false">
              <MetadataToken>100663549</MetadataToken>
              <Name>OpenCover.Framework.Model.File OpenCover.Framework.Symbols.CecilSymbolManager::&lt;GetInstrumentableTypes&gt;b__6(System.String)</Name>
              <FileRef uid="27" />
              <SequencePoints>
                <SequencePoint vc="552" uspid="1525" ordinal="0" offset="0" sl="150" sc="63" el="150" ec="91" />
              </SequencePoints>
              <BranchPoints />
              <MethodPoint xsi:type="SequencePoint" vc="552" uspid="1525" ordinal="0" offset="0" sl="150" sc="63" el="150" ec="91" />
            </Method>
            <Method visited="false" cyclomaticComplexity="3" sequenceCoverage="0" branchCoverage="0" isConstructor="false" isStatic="true" isGetter="false" isSetter="false">
              <MetadataToken>100663550</MetadataToken>
              <Name>System.Boolean OpenCover.Framework.Symbols.CecilSymbolManager::&lt;GetFirstFile&gt;b__8(Mono.Cecil.Cil.Instruction)</Name>
              <FileRef uid="27" />
              <SequencePoints>
                <SequencePoint vc="0" uspid="1526" ordinal="0" offset="0" sl="169" sc="33" el="169" ec="141" />
              </SequencePoints>
              <BranchPoints>
                <BranchPoint vc="0" uspid="1527" ordinal="0" offset="6" path="0" />
                <BranchPoint vc="0" uspid="1528" ordinal="1" offset="6" path="1" />
                <BranchPoint vc="0" uspid="1529" ordinal="2" offset="19" path="0" />
                <BranchPoint vc="0" uspid="1530" ordinal="3" offset="19" path="1" />
              </BranchPoints>
              <MethodPoint xsi:type="SequencePoint" vc="0" uspid="1526" ordinal="0" offset="0" sl="169" sc="33" el="169" ec="141" />
            </Method>
            <Method visited="false" cyclomaticComplexity="1" sequenceCoverage="0" branchCoverage="0" isConstructor="false" isStatic="true" isGetter="false" isSetter="false">
              <MetadataToken>100663551</MetadataToken>
              <Name>System.String OpenCover.Framework.Symbols.CecilSymbolManager::&lt;GetFirstFile&gt;b__9(Mono.Cecil.Cil.Instruction)</Name>
              <FileRef uid="27" />
              <SequencePoints>
                <SequencePoint vc="0" uspid="1531" ordinal="0" offset="0" sl="170" sc="34" el="170" ec="62" />
              </SequencePoints>
              <BranchPoints />
              <MethodPoint xsi:type="SequencePoint" vc="0" uspid="1531" ordinal="0" offset="0" sl="170" sc="34" el="170" ec="62" />
            </Method>
            <Method visited="false" cyclomaticComplexity="1" sequenceCoverage="0" branchCoverage="0" isConstructor="false" isStatic="true" isGetter="false" isSetter="false">
              <MetadataToken>100663552</MetadataToken>
              <Name>OpenCover.Framework.Model.FileRef OpenCover.Framework.Symbols.CecilSymbolManager::&lt;GetMethodsForType&gt;b__f(OpenCover.Framework.Model.File)</Name>
              <FileRef uid="27" />
              <SequencePoints>
                <SequencePoint vc="0" uspid="1532" ordinal="0" offset="0" sl="197" sc="42" el="197" ec="79" />
              </SequencePoints>
              <BranchPoints />
              <MethodPoint xsi:type="SequencePoint" vc="0" uspid="1532" ordinal="0" offset="0" sl="197" sc="42" el="197" ec="79" />
            </Method>
            <Method visited="true" cyclomaticComplexity="2" sequenceCoverage="100" branchCoverage="50" isConstructor="false" isStatic="true" isGetter="false" isSetter="false">
              <MetadataToken>100663553</MetadataToken>
              <Name>System.Boolean OpenCover.Framework.Symbols.CecilSymbolManager::&lt;GetSequencePointsForToken&gt;b__15(Mono.Cecil.MethodDefinition)</Name>
              <FileRef uid="27" />
              <SequencePoints>
                <SequencePoint vc="2" uspid="1533" ordinal="0" offset="0" sl="236" sc="48" el="236" ec="123" />
              </SequencePoints>
              <BranchPoints>
                <BranchPoint vc="2" uspid="1534" ordinal="0" offset="6" path="0" />
                <BranchPoint vc="0" uspid="1535" ordinal="1" offset="6" path="1" />
              </BranchPoints>
              <MethodPoint xsi:type="SequencePoint" vc="2" uspid="1533" ordinal="0" offset="0" sl="236" sc="48" el="236" ec="123" />
            </Method>
            <Method visited="true" cyclomaticComplexity="2" sequenceCoverage="100" branchCoverage="50" isConstructor="false" isStatic="true" isGetter="false" isSetter="false">
              <MetadataToken>100663554</MetadataToken>
              <Name>System.Boolean OpenCover.Framework.Symbols.CecilSymbolManager::&lt;GetBranchPointsForToken&gt;b__1e(Mono.Cecil.MethodDefinition)</Name>
              <FileRef uid="27" />
              <SequencePoints>
                <SequencePoint vc="3" uspid="1536" ordinal="0" offset="0" sl="270" sc="48" el="270" ec="123" />
              </SequencePoints>
              <BranchPoints>
                <BranchPoint vc="3" uspid="1537" ordinal="0" offset="6" path="0" />
                <BranchPoint vc="0" uspid="1538" ordinal="1" offset="6" path="1" />
              </BranchPoints>
              <MethodPoint xsi:type="SequencePoint" vc="3" uspid="1536" ordinal="0" offset="0" sl="270" sc="48" el="270" ec="123" />
            </Method>
            <Method visited="true" cyclomaticComplexity="2" sequenceCoverage="100" branchCoverage="50" isConstructor="false" isStatic="true" isGetter="false" isSetter="false">
              <MetadataToken>100663555</MetadataToken>
              <Name>System.Boolean OpenCover.Framework.Symbols.CecilSymbolManager::&lt;GetCyclomaticComplexityForToken&gt;b__24(Mono.Cecil.MethodDefinition)</Name>
              <FileRef uid="27" />
              <SequencePoints>
                <SequencePoint vc="1" uspid="1539" ordinal="0" offset="0" sl="302" sc="48" el="302" ec="123" />
              </SequencePoints>
              <BranchPoints>
                <BranchPoint vc="1" uspid="1540" ordinal="0" offset="6" path="0" />
                <BranchPoint vc="0" uspid="1541" ordinal="1" offset="6" path="1" />
              </BranchPoints>
              <MethodPoint xsi:type="SequencePoint" vc="1" uspid="1539" ordinal="0" offset="0" sl="302" sc="48" el="302" ec="123" />
            </Method>
          </Methods>
        </Class>
        <Class>
          <FullName>OpenCover.Framework.Symbols.CecilSymbolManager/&lt;&gt;c__DisplayClass11</FullName>
          <Methods>
            <Method visited="true" cyclomaticComplexity="1" sequenceCoverage="0" branchCoverage="0" isConstructor="true" isStatic="false" isGetter="false" isSetter="false">
              <MetadataToken>100663590</MetadataToken>
              <Name>System.Void OpenCover.Framework.Symbols.CecilSymbolManager/&lt;&gt;c__DisplayClass11::.ctor()</Name>
              <SequencePoints />
              <BranchPoints />
              <MethodPoint vc="46" uspid="1542" ordinal="0" offset="0" />
            </Method>
            <Method visited="false" cyclomaticComplexity="1" sequenceCoverage="0" branchCoverage="0" isConstructor="false" isStatic="false" isGetter="false" isSetter="false">
              <MetadataToken>100663591</MetadataToken>
              <Name>System.Boolean OpenCover.Framework.Symbols.CecilSymbolManager/&lt;&gt;c__DisplayClass11::&lt;GetMethodsForType&gt;b__e(OpenCover.Framework.Model.File)</Name>
              <FileRef uid="27" />
              <SequencePoints>
                <SequencePoint vc="0" uspid="1543" ordinal="0" offset="0" sl="196" sc="59" el="196" ec="97" />
              </SequencePoints>
              <BranchPoints />
              <MethodPoint xsi:type="SequencePoint" vc="0" uspid="1543" ordinal="0" offset="0" sl="196" sc="59" el="196" ec="97" />
            </Method>
          </Methods>
        </Class>
        <Class>
          <FullName>OpenCover.Framework.Symbols.CecilSymbolManager/&lt;&gt;c__DisplayClass18</FullName>
          <Methods>
            <Method visited="true" cyclomaticComplexity="1" sequenceCoverage="0" branchCoverage="0" isConstructor="true" isStatic="false" isGetter="false" isSetter="false">
              <MetadataToken>100663592</MetadataToken>
              <Name>System.Void OpenCover.Framework.Symbols.CecilSymbolManager/&lt;&gt;c__DisplayClass18::.ctor()</Name>
              <SequencePoints />
              <BranchPoints />
              <MethodPoint vc="33" uspid="1544" ordinal="0" offset="0" />
            </Method>
            <Method visited="true" cyclomaticComplexity="1" sequenceCoverage="100" branchCoverage="100" isConstructor="false" isStatic="false" isGetter="false" isSetter="false">
              <MetadataToken>100663593</MetadataToken>
              <Name>System.Boolean OpenCover.Framework.Symbols.CecilSymbolManager/&lt;&gt;c__DisplayClass18::&lt;GetSequencePointsForToken&gt;b__14(Mono.Cecil.MethodDefinition)</Name>
              <FileRef uid="27" />
              <SequencePoints>
                <SequencePoint vc="1047" uspid="1545" ordinal="0" offset="0" sl="235" sc="48" el="235" ec="97" />
              </SequencePoints>
              <BranchPoints />
              <MethodPoint xsi:type="SequencePoint" vc="1047" uspid="1545" ordinal="0" offset="0" sl="235" sc="48" el="235" ec="97" />
            </Method>
          </Methods>
        </Class>
        <Class>
          <FullName>OpenCover.Framework.Symbols.CecilSymbolManager/&lt;&gt;c__DisplayClass21</FullName>
          <Methods>
            <Method visited="true" cyclomaticComplexity="1" sequenceCoverage="0" branchCoverage="0" isConstructor="true" isStatic="false" isGetter="false" isSetter="false">
              <MetadataToken>100663594</MetadataToken>
              <Name>System.Void OpenCover.Framework.Symbols.CecilSymbolManager/&lt;&gt;c__DisplayClass21::.ctor()</Name>
              <SequencePoints />
              <BranchPoints />
              <MethodPoint vc="33" uspid="1546" ordinal="0" offset="0" />
            </Method>
            <Method visited="true" cyclomaticComplexity="1" sequenceCoverage="100" branchCoverage="100" isConstructor="false" isStatic="false" isGetter="false" isSetter="false">
              <MetadataToken>100663595</MetadataToken>
              <Name>System.Boolean OpenCover.Framework.Symbols.CecilSymbolManager/&lt;&gt;c__DisplayClass21::&lt;GetBranchPointsForToken&gt;b__1d(Mono.Cecil.MethodDefinition)</Name>
              <FileRef uid="27" />
              <SequencePoints>
                <SequencePoint vc="1047" uspid="1547" ordinal="0" offset="0" sl="269" sc="48" el="269" ec="97" />
              </SequencePoints>
              <BranchPoints />
              <MethodPoint xsi:type="SequencePoint" vc="1047" uspid="1547" ordinal="0" offset="0" sl="269" sc="48" el="269" ec="97" />
            </Method>
          </Methods>
        </Class>
        <Class>
          <FullName>OpenCover.Framework.Symbols.CecilSymbolManager/&lt;&gt;c__DisplayClass27</FullName>
          <Methods>
            <Method visited="true" cyclomaticComplexity="1" sequenceCoverage="0" branchCoverage="0" isConstructor="true" isStatic="false" isGetter="false" isSetter="false">
              <MetadataToken>100663596</MetadataToken>
              <Name>System.Void OpenCover.Framework.Symbols.CecilSymbolManager/&lt;&gt;c__DisplayClass27::.ctor()</Name>
              <SequencePoints />
              <BranchPoints />
              <MethodPoint vc="22" uspid="1548" ordinal="0" offset="0" />
            </Method>
            <Method visited="true" cyclomaticComplexity="1" sequenceCoverage="100" branchCoverage="100" isConstructor="false" isStatic="false" isGetter="false" isSetter="false">
              <MetadataToken>100663597</MetadataToken>
              <Name>System.Boolean OpenCover.Framework.Symbols.CecilSymbolManager/&lt;&gt;c__DisplayClass27::&lt;GetCyclomaticComplexityForToken&gt;b__23(Mono.Cecil.MethodDefinition)</Name>
              <FileRef uid="27" />
              <SequencePoints>
                <SequencePoint vc="698" uspid="1549" ordinal="0" offset="0" sl="301" sc="48" el="301" ec="97" />
              </SequencePoints>
              <BranchPoints />
              <MethodPoint xsi:type="SequencePoint" vc="698" uspid="1549" ordinal="0" offset="0" sl="301" sc="48" el="301" ec="97" />
            </Method>
          </Methods>
        </Class>
        <Class>
          <FullName>&lt;PrivateImplementationDetails&gt;{BCFABDBD-DD5B-464F-A402-8B01F8383263}</FullName>
          <Methods />
        </Class>
        <Class>
          <FullName>&lt;&gt;f__AnonymousType0`2</FullName>
          <Methods>
            <Method visited="true" cyclomaticComplexity="1" sequenceCoverage="0" branchCoverage="0" isConstructor="true" isStatic="false" isGetter="false" isSetter="false">
              <MetadataToken>100663567</MetadataToken>
              <Name>System.Void &lt;&gt;f__AnonymousType0`2::.ctor(&lt;module&gt;j__TPar,&lt;class&gt;j__TPar)</Name>
              <SequencePoints />
              <BranchPoints />
              <MethodPoint vc="5" uspid="1550" ordinal="0" offset="0" />
            </Method>
            <Method visited="false" cyclomaticComplexity="1" sequenceCoverage="0" branchCoverage="0" isConstructor="false" isStatic="false" isGetter="true" isSetter="false">
              <MetadataToken>100663568</MetadataToken>
              <Name>&lt;module&gt;j__TPar &lt;&gt;f__AnonymousType0`2::get_module()</Name>
              <SequencePoints />
              <BranchPoints />
              <MethodPoint vc="0" uspid="1551" ordinal="0" offset="0" />
            </Method>
            <Method visited="true" cyclomaticComplexity="1" sequenceCoverage="0" branchCoverage="0" isConstructor="false" isStatic="false" isGetter="true" isSetter="false">
              <MetadataToken>100663569</MetadataToken>
              <Name>&lt;class&gt;j__TPar &lt;&gt;f__AnonymousType0`2::get_class()</Name>
              <SequencePoints />
              <BranchPoints />
              <MethodPoint vc="5" uspid="1552" ordinal="0" offset="0" />
            </Method>
            <Method visited="false" cyclomaticComplexity="1" sequenceCoverage="0" branchCoverage="0" isConstructor="false" isStatic="false" isGetter="false" isSetter="false">
              <MetadataToken>100663570</MetadataToken>
              <Name>System.String &lt;&gt;f__AnonymousType0`2::ToString()</Name>
              <SequencePoints />
              <BranchPoints />
              <MethodPoint vc="0" uspid="1553" ordinal="0" offset="0" />
            </Method>
            <Method visited="false" cyclomaticComplexity="3" sequenceCoverage="0" branchCoverage="0" isConstructor="false" isStatic="false" isGetter="false" isSetter="false">
              <MetadataToken>100663571</MetadataToken>
              <Name>System.Boolean &lt;&gt;f__AnonymousType0`2::Equals(System.Object)</Name>
              <SequencePoints />
              <BranchPoints>
                <BranchPoint vc="0" uspid="1555" ordinal="0" offset="8" path="0" />
                <BranchPoint vc="0" uspid="1556" ordinal="1" offset="8" path="1" />
                <BranchPoint vc="0" uspid="1557" ordinal="2" offset="32" path="0" />
                <BranchPoint vc="0" uspid="1558" ordinal="3" offset="32" path="1" />
              </BranchPoints>
              <MethodPoint vc="0" uspid="1554" ordinal="0" offset="0" />
            </Method>
            <Method visited="false" cyclomaticComplexity="1" sequenceCoverage="0" branchCoverage="0" isConstructor="false" isStatic="false" isGetter="false" isSetter="false">
              <MetadataToken>100663572</MetadataToken>
              <Name>System.Int32 &lt;&gt;f__AnonymousType0`2::GetHashCode()</Name>
              <SequencePoints />
              <BranchPoints />
              <MethodPoint vc="0" uspid="1559" ordinal="0" offset="0" />
            </Method>
          </Methods>
        </Class>
      </Classes>
    </Module>
  </Modules>
</CoverageSession>